<?xml version="1.0" encoding="UTF-8"?>
<testsuites name="TS_Failed And Success" time="33.168" tests="1" failures="0" errors="0">
   <testsuite name="TS_Failed And Success" tests="1" failures="0" errors="0" time="33.168" skipped="0" timestamp="2023-11-17 00:17:21" hostname="ddl02 - 192.168.1.148" id="Test Suites/TS_Failed And Success">
      <properties>
         <property name="deviceName" value="emulator-5554 (sdk_gphone64_arm64 - Android 12)"/>
         <property name="devicePlatform" value=""/>
         <property name="logFolder" value="/Users/ddl02/Katalon Studio/Setup/Reports/20231117_001707/TS_Failed And Success/20231117_001707"/>
         <property name="logFiles" value="/Users/ddl02/Katalon Studio/Setup/Reports/20231117_001707/TS_Failed And Success/20231117_001707/execution0.log, /Users/ddl02/Katalon Studio/Setup/Reports/20231117_001707/TS_Failed And Success/20231117_001707/appium_error.log, /Users/ddl02/Katalon Studio/Setup/Reports/20231117_001707/TS_Failed And Success/20231117_001707/appium.log"/>
         <property name="attachments" value="/Users/ddl02/Desktop/Screenshot/a.png"/>
         <property name="hostName" value="ddl02 - 192.168.1.148"/>
         <property name="os" value="Mac OS X 64bit"/>
         <property name="appiumServerStatus" value="{&quot;value&quot;:{&quot;build&quot;:{&quot;version&quot;:&quot;2.0.0&quot;}}}"/>
         <property name="katalonVersion" value="8.5.4.208"/>
         <property name="deviceOS" value="Android"/>
         <property name="appiumVersion" value="2.0.0"/>
         <property name="deviceModel" value="sdk_gphone64_arm64"/>
         <property name="hostAddress" value="192.168.1.148"/>
         <property name="deviceManufacturer" value="Google"/>
         <property name="deviceId" value="emulator-5554"/>
         <property name="deviceName" value="emulator-5554 (sdk_gphone64_arm64 - Android 12)"/>
         <property name="deviceOSVersion" value="12"/>
      </properties>
      <testcase name="Test Cases/TC01_Register Success" time="32.743" classname="Test Cases/TC01_Register Success" status="PASSED">
         <system-out><![CDATA[2023-11-17 00:17:22 - [TEST_CASE][PASSED] - Test Cases/TC01_Register Success: Test Cases/TC01_Register Success

2023-11-17 00:17:22 - [TEST_STEP][PASSED] - comment("Register Success"): Register Success

2023-11-17 00:17:22 - [MESSAGE][INFO] - Register Success

2023-11-17 00:17:22 - [TEST_STEP][PASSED] - appPath = relativeToAbsolutePath(G_AndroidApp, getProjectDir()): null

2023-11-17 00:17:23 - [TEST_STEP][PASSED] - startApplication(appPath, false): Started app at: '/Users/ddl02/Katalon Studio/Setup/androidapp/Register_2.0_Apkpure.apk'

2023-11-17 00:17:23 - [MESSAGE][INFO] - User set preference: ['deviceId', '']

2023-11-17 00:17:25 - [MESSAGE][INFO] - Detected NodeJS location: "/usr/local/bin/node"

2023-11-17 00:17:25 - [MESSAGE][INFO] - appium outlog: /Users/ddl02/Katalon Studio/Setup/Reports/20231117_001707/TS_Failed And Success/20231117_001707/appium.log

2023-11-17 00:17:25 - [MESSAGE][INFO] - appium errlog: /Users/ddl02/Katalon Studio/Setup/Reports/20231117_001707/TS_Failed And Success/20231117_001707/appium_error.log

2023-11-17 00:17:31 - [MESSAGE][INFO] - Appium server started on port 64,923

2023-11-17 00:17:39 - [MESSAGE][PASSED] - Started app at: '/Users/ddl02/Katalon Studio/Setup/androidapp/Register_2.0_Apkpure.apk'

2023-11-17 00:17:39 - [TEST_STEP][PASSED] - tap(findTestObject("Object Repository/Demo/Add - Button"), 10): Tapped on element 'Object Repository/Demo/Add - Button'

2023-11-17 00:17:40 - [MESSAGE][PASSED] - Tapped on element 'Object Repository/Demo/Add - Button'

2023-11-17 00:17:40 - [TEST_STEP][PASSED] - setText(findTestObject("Object Repository/Demo/Name - Text Input"), "DDL AUTOMATION", 10): Text 'DDL AUTOMATION' has been set to element 'Object Repository/Demo/Name - Text Input'

2023-11-17 00:17:42 - [MESSAGE][PASSED] - Text 'DDL AUTOMATION' has been set to element 'Object Repository/Demo/Name - Text Input'

2023-11-17 00:17:42 - [TEST_STEP][PASSED] - setText(findTestObject("Object Repository/Demo/Phone - Text Input"), "0857623527283", 10): Text '0857623527283' has been set to element 'Object Repository/Demo/Phone - Text Input'

2023-11-17 00:17:43 - [MESSAGE][PASSED] - Text '0857623527283' has been set to element 'Object Repository/Demo/Phone - Text Input'

2023-11-17 00:17:43 - [TEST_STEP][PASSED] - setText(findTestObject("Object Repository/Demo/Alternate Phone - Text Input"), "0813623527283", 10): Text '0813623527283' has been set to element 'Object Repository/Demo/Alternate Phone - Text Input'

2023-11-17 00:17:44 - [MESSAGE][PASSED] - Text '0813623527283' has been set to element 'Object Repository/Demo/Alternate Phone - Text Input'

2023-11-17 00:17:44 - [TEST_STEP][PASSED] - setText(findTestObject("Object Repository/Demo/Email - Text Input"), "AUTOMATION@DDL.COM", 10): Text 'AUTOMATION@DDL.COM' has been set to element 'Object Repository/Demo/Email - Text Input'

2023-11-17 00:17:46 - [MESSAGE][PASSED] - Text 'AUTOMATION@DDL.COM' has been set to element 'Object Repository/Demo/Email - Text Input'

2023-11-17 00:17:46 - [TEST_STEP][PASSED] - setText(findTestObject("Object Repository/Demo/Alternate Email - Text Input"), "ROBOT@DDL.COM", 10): Text 'ROBOT@DDL.COM' has been set to element 'Object Repository/Demo/Alternate Email - Text Input'

2023-11-17 00:17:47 - [MESSAGE][PASSED] - Text 'ROBOT@DDL.COM' has been set to element 'Object Repository/Demo/Alternate Email - Text Input'

2023-11-17 00:17:47 - [TEST_STEP][PASSED] - setText(findTestObject("Object Repository/Demo/Allergies - Text Input"), "TEST AUTOMATION", 10): Text 'TEST AUTOMATION' has been set to element 'Object Repository/Demo/Allergies - Text Input'

2023-11-17 00:17:49 - [MESSAGE][PASSED] - Text 'TEST AUTOMATION' has been set to element 'Object Repository/Demo/Allergies - Text Input'

2023-11-17 00:17:49 - [TEST_STEP][PASSED] - setText(findTestObject("Object Repository/Demo/Notes - Text Input"), "AUTOMATION", 10): Text 'AUTOMATION' has been set to element 'Object Repository/Demo/Notes - Text Input'

2023-11-17 00:17:50 - [MESSAGE][PASSED] - Text 'AUTOMATION' has been set to element 'Object Repository/Demo/Notes - Text Input'

2023-11-17 00:17:50 - [TEST_STEP][PASSED] - tap(findTestObject("Object Repository/Demo/Save - Button"), 10): Tapped on element 'Object Repository/Demo/Save - Button'

2023-11-17 00:17:51 - [MESSAGE][PASSED] - Tapped on element 'Object Repository/Demo/Save - Button'

2023-11-17 00:17:51 - [TEST_STEP][PASSED] - takeScreenshot("/Users/ddl02/Desktop/Screenshot/a.png"): Screenshot is taken

2023-11-17 00:17:52 - [MESSAGE][PASSED] - Screenshot is taken
[[ATTACHMENT|/Users/ddl02/Desktop/Screenshot/a.png]]

2023-11-17 00:17:52 - [TEST_STEP][PASSED] - delay(3): Delayed 3 second(s)

2023-11-17 00:17:55 - [MESSAGE][PASSED] - Delayed 3 second(s)]]></system-out>
         <system-err><![CDATA[]]></system-err>
      </testcase>
      <system-out><![CDATA[2023-11-17 00:17:21 - [TEST_SUITE][PASSED] - TS_Failed And Success: Test Cases/TC01_Register Success]]></system-out>
      <system-err><![CDATA[]]></system-err>
   </testsuite>
</testsuites>
