<?xml version="1.0" encoding="UTF-8"?>
<testsuites name="IOS_Visium Demo Test Suite - Device 1" time="58.156" tests="1" failures="0" errors="0">
   <testsuite name="IOS_Visium Demo Test Suite - Device 1" tests="1" failures="0" errors="0" time="58.156" skipped="0" timestamp="2023-11-30 12:27:42" hostname="macbook - localhost" id="Test Suites/IOS_Visium Demo Test Suite - Device 1">
      <properties>
         <property name="deviceName" value="52faf304d5147795cac1003572fb3b50d74ef5d4"/>
         <property name="devicePlatform" value=""/>
         <property name="logFolder" value="/Users/macbook/Katalon Studio/Setup 2/Reports/20231130_122718/IOS_Visium Demo Test Suite - Device 1/20231130_122719"/>
         <property name="logFiles" value="/Users/macbook/Katalon Studio/Setup 2/Reports/20231130_122718/IOS_Visium Demo Test Suite - Device 1/20231130_122719/execution0.log"/>
         <property name="attachments" value=""/>
         <property name="hostName" value="macbook - localhost"/>
         <property name="hostAddress" value="127.0.0.1"/>
         <property name="remoteDriverUrl" value="https://farmdemo.visiumlabs.com/wd/hub"/>
         <property name="desiredCapabilities" value="{
  &quot;vf:accessKey&quot;: &quot;brian:3b7e2401-0e46-4efb-9a06-193c1086b797&quot;,
  &quot;vf:sessionName&quot;: &quot;Android Automation Bank Mandiri&quot;,
  &quot;noReset&quot;: true,
  &quot;vf:saveSession&quot;: true,
  &quot;bundleId&quot;: &quot;com.apple.calculator&quot;,
  &quot;deviceName&quot;: &quot;52faf304d5147795cac1003572fb3b50d74ef5d4&quot;,
  &quot;vf:saveDeviceLog&quot;: true,
  &quot;platformVersion&quot;: &quot;15.0.2&quot;,
  &quot;vf:saveVideoRecord&quot;: true,
  &quot;automationName&quot;: &quot;xcuitest&quot;,
  &quot;vf:saveAppiumLog&quot;: true,
  &quot;platformName&quot;: &quot;IOS&quot;,
  &quot;udid&quot;: &quot;52faf304d5147795cac1003572fb3b50d74ef5d4&quot;
}"/>
         <property name="os" value="Mac OS X 64bit"/>
         <property name="katalonVersion" value="8.6.8.208"/>
      </properties>
      <testcase name="Test Cases/IOS_Calculator - Device 1" time="57.897" classname="Test Cases/IOS_Calculator - Device 1" status="PASSED">
         <system-out><![CDATA[2023-11-30 12:27:43 - [TEST_CASE][PASSED] - Test Cases/IOS_Calculator - Device 1: Test Cases/IOS_Calculator - Device 1

2023-11-30 12:27:43 - [TEST_STEP][PASSED] - visium.SetCapability.iOS("52faf304d5147795cac1003572fb3b50d74ef5d4", "52faf304d5147795cac1003572fb3b50d74ef5d4", "15.0.2"): visium.SetCapability.iOS is PASSED

2023-11-30 12:27:51 - [MESSAGE][WARNING] - Unable to get appium status. Root cause (null)

2023-11-30 12:27:52 - [MESSAGE][PASSED] - visium.SetCapability.iOS is PASSED

2023-11-30 12:27:52 - [TEST_STEP][PASSED] - tap(findTestObject("Object Repository/iOS - iPhone 8/Angka 8"), 10): Tapped on element 'Object Repository/iOS - iPhone 8/Angka 8'

2023-11-30 12:27:56 - [MESSAGE][PASSED] - Tapped on element 'Object Repository/iOS - iPhone 8/Angka 8'

2023-11-30 12:27:56 - [TEST_STEP][PASSED] - tap(findTestObject("Object Repository/iOS - iPhone 8/Kali"), 10): Tapped on element 'Object Repository/iOS - iPhone 8/Kali'

2023-11-30 12:28:00 - [MESSAGE][PASSED] - Tapped on element 'Object Repository/iOS - iPhone 8/Kali'

2023-11-30 12:28:00 - [TEST_STEP][PASSED] - tap(findTestObject("Object Repository/iOS - iPhone 8/Angka 2"), 10): Tapped on element 'Object Repository/iOS - iPhone 8/Angka 2'

2023-11-30 12:28:04 - [MESSAGE][PASSED] - Tapped on element 'Object Repository/iOS - iPhone 8/Angka 2'

2023-11-30 12:28:04 - [TEST_STEP][PASSED] - tap(findTestObject("Object Repository/iOS - iPhone 8/Total"), 10): Tapped on element 'Object Repository/iOS - iPhone 8/Total'

2023-11-30 12:28:08 - [MESSAGE][PASSED] - Tapped on element 'Object Repository/iOS - iPhone 8/Total'

2023-11-30 12:28:08 - [TEST_STEP][PASSED] - tap(findTestObject("Object Repository/iOS - iPhone 8/Tambah"), 10): Tapped on element 'Object Repository/iOS - iPhone 8/Tambah'

2023-11-30 12:28:13 - [MESSAGE][PASSED] - Tapped on element 'Object Repository/iOS - iPhone 8/Tambah'

2023-11-30 12:28:13 - [TEST_STEP][PASSED] - tap(findTestObject("Object Repository/iOS - iPhone 8/Angka 9"), 10): Tapped on element 'Object Repository/iOS - iPhone 8/Angka 9'

2023-11-30 12:28:17 - [MESSAGE][PASSED] - Tapped on element 'Object Repository/iOS - iPhone 8/Angka 9'

2023-11-30 12:28:17 - [TEST_STEP][PASSED] - tap(findTestObject("Object Repository/iOS - iPhone 8/Total"), 10): Tapped on element 'Object Repository/iOS - iPhone 8/Total'

2023-11-30 12:28:21 - [MESSAGE][PASSED] - Tapped on element 'Object Repository/iOS - iPhone 8/Total'

2023-11-30 12:28:21 - [TEST_STEP][PASSED] - tap(findTestObject("Object Repository/iOS - iPhone 8/Bagi"), 10): Tapped on element 'Object Repository/iOS - iPhone 8/Bagi'

2023-11-30 12:28:25 - [MESSAGE][PASSED] - Tapped on element 'Object Repository/iOS - iPhone 8/Bagi'

2023-11-30 12:28:25 - [TEST_STEP][PASSED] - tap(findTestObject("Object Repository/iOS - iPhone 8/Angka 5"), 10): Tapped on element 'Object Repository/iOS - iPhone 8/Angka 5'

2023-11-30 12:28:29 - [MESSAGE][PASSED] - Tapped on element 'Object Repository/iOS - iPhone 8/Angka 5'

2023-11-30 12:28:29 - [TEST_STEP][PASSED] - tap(findTestObject("Object Repository/iOS - iPhone 8/Total"), 10): Tapped on element 'Object Repository/iOS - iPhone 8/Total'

2023-11-30 12:28:35 - [MESSAGE][PASSED] - Tapped on element 'Object Repository/iOS - iPhone 8/Total'

2023-11-30 12:28:35 - [TEST_STEP][PASSED] - delay(5): Delayed 5 second(s)

2023-11-30 12:28:40 - [MESSAGE][PASSED] - Delayed 5 second(s)

2023-11-30 12:28:40 - [TEST_STEP][PASSED] - Start listener action : sampleAfterTestCase: null

2023-11-30 12:28:40 - [TEST_STEP][PASSED] - closeDriver(): null]]></system-out>
         <system-err><![CDATA[]]></system-err>
      </testcase>
      <system-out><![CDATA[2023-11-30 12:27:42 - [TEST_SUITE][PASSED] - IOS_Visium Demo Test Suite - Device 1: Test Cases/IOS_Calculator - Device 1]]></system-out>
      <system-err><![CDATA[]]></system-err>
   </testsuite>
</testsuites>
