<?xml version="1.0" encoding="UTF-8"?>
<testsuites name="ANDROID_Visium Demo Test Suite - Device 2" time="108.406" tests="1" failures="0" errors="0">
   <testsuite name="ANDROID_Visium Demo Test Suite - Device 2" tests="1" failures="0" errors="0" time="108.406" skipped="0" timestamp="2023-11-29 14:46:41" hostname="macbook - localhost" id="Test Suites/ANDROID_Visium Demo Test Suite - Device 2">
      <properties>
         <property name="deviceName" value="9321f298"/>
         <property name="devicePlatform" value=""/>
         <property name="logFolder" value="/Users/macbook/Katalon Studio/Setup 2/Reports/20231129_144511/ANDROID_Visium Demo Test Suite - Device 2/20231129_144515"/>
         <property name="logFiles" value="/Users/macbook/Katalon Studio/Setup 2/Reports/20231129_144511/ANDROID_Visium Demo Test Suite - Device 2/20231129_144515/execution0.log"/>
         <property name="attachments" value=""/>
         <property name="hostName" value="macbook - localhost"/>
         <property name="hostAddress" value="127.0.0.1"/>
         <property name="remoteDriverUrl" value="https://farmdemo.visiumlabs.com/wd/hub"/>
         <property name="desiredCapabilities" value="{
  &quot;vf:accessKey&quot;: &quot;brian:26e1ef17-b42c-469f-880b-bb86624a2b9e&quot;,
  &quot;vf:sessionName&quot;: &quot;Android Automation Bank Mandiri&quot;,
  &quot;noReset&quot;: true,
  &quot;vf:saveSession&quot;: true,
  &quot;deviceName&quot;: &quot;9321f298&quot;,
  &quot;vf:saveDeviceLog&quot;: true,
  &quot;platformVersion&quot;: &quot;8.1.0&quot;,
  &quot;vf:saveVideoRecord&quot;: true,
  &quot;automationName&quot;: &quot;uiautomator2&quot;,
  &quot;vf:appId&quot;: &quot;3309883&quot;,
  &quot;vf:saveAppiumLog&quot;: true,
  &quot;platformName&quot;: &quot;ANDROID&quot;,
  &quot;udid&quot;: &quot;9321f298&quot;
}"/>
         <property name="os" value="Mac OS X 64bit"/>
         <property name="katalonVersion" value="8.6.8.208"/>
      </properties>
      <testcase name="Test Cases/ANDROID_Register Success - Device 2" time="108.148" classname="Test Cases/ANDROID_Register Success - Device 2" status="PASSED">
         <system-out><![CDATA[2023-11-29 14:46:42 - [TEST_CASE][PASSED] - Test Cases/ANDROID_Register Success - Device 2: Test Cases/ANDROID_Register Success - Device 2

2023-11-29 14:46:42 - [TEST_STEP][PASSED] - visium.SetCapability.android("9321f298", "9321f298", "8.1.0"): visium.SetCapability.android is PASSED

2023-11-29 14:47:03 - [MESSAGE][WARNING] - Unable to get appium status. Root cause (null)

2023-11-29 14:47:04 - [MESSAGE][PASSED] - visium.SetCapability.android is PASSED

2023-11-29 14:47:04 - [TEST_STEP][PASSED] - tap(findTestObject("Object Repository/Demo/Add - Button"), 10): Tapped on element 'Object Repository/Demo/Add - Button'

2023-11-29 14:47:14 - [MESSAGE][PASSED] - Tapped on element 'Object Repository/Demo/Add - Button'

2023-11-29 14:47:14 - [TEST_STEP][PASSED] - setText(findTestObject("Object Repository/Demo/Name - Text Input"), "DDL AUTOMATION", 10): Text 'DDL AUTOMATION' has been set to element 'Object Repository/Demo/Name - Text Input'

2023-11-29 14:47:24 - [MESSAGE][PASSED] - Text 'DDL AUTOMATION' has been set to element 'Object Repository/Demo/Name - Text Input'

2023-11-29 14:47:24 - [TEST_STEP][PASSED] - setText(findTestObject("Object Repository/Demo/Phone - Text Input"), "0857623527283", 10): Text '0857623527283' has been set to element 'Object Repository/Demo/Phone - Text Input'

2023-11-29 14:47:33 - [MESSAGE][PASSED] - Text '0857623527283' has been set to element 'Object Repository/Demo/Phone - Text Input'

2023-11-29 14:47:33 - [TEST_STEP][PASSED] - setText(findTestObject("Object Repository/Demo/Alternate Phone - Text Input"), "0813623527283", 10): Text '0813623527283' has been set to element 'Object Repository/Demo/Alternate Phone - Text Input'

2023-11-29 14:47:42 - [MESSAGE][PASSED] - Text '0813623527283' has been set to element 'Object Repository/Demo/Alternate Phone - Text Input'

2023-11-29 14:47:42 - [TEST_STEP][PASSED] - setText(findTestObject("Object Repository/Demo/Email - Text Input"), "AUTOMATION@DDL.COM", 10): Text 'AUTOMATION@DDL.COM' has been set to element 'Object Repository/Demo/Email - Text Input'

2023-11-29 14:47:52 - [MESSAGE][PASSED] - Text 'AUTOMATION@DDL.COM' has been set to element 'Object Repository/Demo/Email - Text Input'

2023-11-29 14:47:52 - [TEST_STEP][PASSED] - setText(findTestObject("Object Repository/Demo/Alternate Email - Text Input"), "ROBOT@DDL.COM", 10): Text 'ROBOT@DDL.COM' has been set to element 'Object Repository/Demo/Alternate Email - Text Input'

2023-11-29 14:48:00 - [MESSAGE][PASSED] - Text 'ROBOT@DDL.COM' has been set to element 'Object Repository/Demo/Alternate Email - Text Input'

2023-11-29 14:48:00 - [TEST_STEP][PASSED] - setText(findTestObject("Object Repository/Demo/Allergies - Text Input"), "TEST AUTOMATION", 10): Text 'TEST AUTOMATION' has been set to element 'Object Repository/Demo/Allergies - Text Input'

2023-11-29 14:48:07 - [MESSAGE][PASSED] - Text 'TEST AUTOMATION' has been set to element 'Object Repository/Demo/Allergies - Text Input'

2023-11-29 14:48:07 - [TEST_STEP][PASSED] - setText(findTestObject("Object Repository/Demo/Notes - Text Input"), "AUTOMATION", 10): Text 'AUTOMATION' has been set to element 'Object Repository/Demo/Notes - Text Input'

2023-11-29 14:48:16 - [MESSAGE][PASSED] - Text 'AUTOMATION' has been set to element 'Object Repository/Demo/Notes - Text Input'

2023-11-29 14:48:16 - [TEST_STEP][PASSED] - tap(findTestObject("Object Repository/Demo/Save - Button"), 10): Tapped on element 'Object Repository/Demo/Save - Button'

2023-11-29 14:48:24 - [MESSAGE][PASSED] - Tapped on element 'Object Repository/Demo/Save - Button'

2023-11-29 14:48:24 - [TEST_STEP][PASSED] - delay(5): Delayed 5 second(s)

2023-11-29 14:48:29 - [MESSAGE][PASSED] - Delayed 5 second(s)

2023-11-29 14:48:29 - [TEST_STEP][PASSED] - Start listener action : sampleAfterTestCase: null

2023-11-29 14:48:29 - [TEST_STEP][PASSED] - closeDriver(): null]]></system-out>
         <system-err><![CDATA[]]></system-err>
      </testcase>
      <system-out><![CDATA[2023-11-29 14:46:41 - [TEST_SUITE][PASSED] - ANDROID_Visium Demo Test Suite - Device 2: Test Cases/ANDROID_Register Success - Device 2]]></system-out>
      <system-err><![CDATA[]]></system-err>
   </testsuite>
</testsuites>
