<?xml version="1.0" encoding="UTF-8"?>
<testsuites name="TS_RegressionTest" time="31.555" tests="1" failures="0" errors="0">
   <testsuite name="TS_RegressionTest" tests="1" failures="0" errors="0" time="31.555" skipped="0" timestamp="2023-11-07 16:53:34" hostname="ddl02 - localhost" id="Test Suites/TS_RegressionTest">
      <properties>
         <property name="deviceName" value="emulator-5554 (sdk_gphone64_arm64 - Android 12)"/>
         <property name="devicePlatform" value=""/>
         <property name="logFolder" value="/Users/ddl02/Katalon Studio/Setup/Reports/20231107_165259/TS_RegressionTest/20231107_165301"/>
         <property name="logFiles" value="/Users/ddl02/Katalon Studio/Setup/Reports/20231107_165259/TS_RegressionTest/20231107_165301/execution0.log, /Users/ddl02/Katalon Studio/Setup/Reports/20231107_165259/TS_RegressionTest/20231107_165301/appium.log"/>
         <property name="attachments" value="/Users/ddl02/Desktop/Screenshot/a.png"/>
         <property name="hostName" value="ddl02 - localhost"/>
         <property name="os" value="Mac OS X 64bit"/>
         <property name="appiumServerStatus" value="{&quot;value&quot;:{&quot;build&quot;:{&quot;version&quot;:&quot;1.22.3&quot;}},&quot;sessionId&quot;:null,&quot;status&quot;:0}"/>
         <property name="katalonVersion" value="8.6.8.208"/>
         <property name="deviceOS" value="Android"/>
         <property name="appiumVersion" value="1.22.3"/>
         <property name="deviceModel" value="sdk_gphone64_arm64"/>
         <property name="hostAddress" value="192.168.34.167"/>
         <property name="deviceManufacturer" value="Google"/>
         <property name="deviceId" value="emulator-5554"/>
         <property name="deviceName" value="emulator-5554 (sdk_gphone64_arm64 - Android 12)"/>
         <property name="deviceOSVersion" value="12"/>
      </properties>
      <testcase name="Test Cases/TC01_Register Success" time="31.091" classname="Test Cases/TC01_Register Success" status="PASSED">
         <system-out><![CDATA[2023-11-07 16:53:34 - [TEST_CASE][PASSED] - Test Cases/TC01_Register Success: Test Cases/TC01_Register Success

2023-11-07 16:53:34 - [TEST_STEP][PASSED] - comment("Register Success"): Register Success

2023-11-07 16:53:35 - [MESSAGE][INFO] - Register Success

2023-11-07 16:53:35 - [TEST_STEP][PASSED] - appPath = relativeToAbsolutePath(G_AndroidApp, getProjectDir()): null

2023-11-07 16:53:35 - [TEST_STEP][PASSED] - startApplication(appPath, false): Started app at: '/Users/ddl02/Katalon Studio/Setup/androidapp/Register_2.0_Apkpure.apk'

2023-11-07 16:53:39 - [MESSAGE][INFO] - Detected NodeJS location: "/Users/ddl02/.nvm/versions/node/v12.19.0/bin/node"

2023-11-07 16:53:40 - [MESSAGE][INFO] - Appium server started on port 64,292

2023-11-07 16:53:50 - [MESSAGE][PASSED] - Started app at: '/Users/ddl02/Katalon Studio/Setup/androidapp/Register_2.0_Apkpure.apk'

2023-11-07 16:53:50 - [TEST_STEP][PASSED] - tap(findTestObject("Object Repository/Demo/Add - Button"), 10): Tapped on element 'Object Repository/Demo/Add - Button'

2023-11-07 16:53:51 - [MESSAGE][PASSED] - Tapped on element 'Object Repository/Demo/Add - Button'

2023-11-07 16:53:51 - [TEST_STEP][PASSED] - setText(findTestObject("Object Repository/Demo/Name - Text Input"), "DDL AUTOMATION", 10): Text 'DDL AUTOMATION' has been set to element 'Object Repository/Demo/Name - Text Input'

2023-11-07 16:53:53 - [MESSAGE][PASSED] - Text 'DDL AUTOMATION' has been set to element 'Object Repository/Demo/Name - Text Input'

2023-11-07 16:53:53 - [TEST_STEP][PASSED] - setText(findTestObject("Object Repository/Demo/Phone - Text Input"), "0857623527283", 10): Text '0857623527283' has been set to element 'Object Repository/Demo/Phone - Text Input'

2023-11-07 16:53:54 - [MESSAGE][PASSED] - Text '0857623527283' has been set to element 'Object Repository/Demo/Phone - Text Input'

2023-11-07 16:53:54 - [TEST_STEP][PASSED] - setText(findTestObject("Object Repository/Demo/Alternate Phone - Text Input"), "0813623527283", 10): Text '0813623527283' has been set to element 'Object Repository/Demo/Alternate Phone - Text Input'

2023-11-07 16:53:55 - [MESSAGE][PASSED] - Text '0813623527283' has been set to element 'Object Repository/Demo/Alternate Phone - Text Input'

2023-11-07 16:53:55 - [TEST_STEP][PASSED] - setText(findTestObject("Object Repository/Demo/Email - Text Input"), "AUTOMATION@DDL.COM", 10): Text 'AUTOMATION@DDL.COM' has been set to element 'Object Repository/Demo/Email - Text Input'

2023-11-07 16:53:57 - [MESSAGE][PASSED] - Text 'AUTOMATION@DDL.COM' has been set to element 'Object Repository/Demo/Email - Text Input'

2023-11-07 16:53:57 - [TEST_STEP][PASSED] - setText(findTestObject("Object Repository/Demo/Alternate Email - Text Input"), "ROBOT@DDL.COM", 10): Text 'ROBOT@DDL.COM' has been set to element 'Object Repository/Demo/Alternate Email - Text Input'

2023-11-07 16:53:58 - [MESSAGE][PASSED] - Text 'ROBOT@DDL.COM' has been set to element 'Object Repository/Demo/Alternate Email - Text Input'

2023-11-07 16:53:58 - [TEST_STEP][PASSED] - setText(findTestObject("Object Repository/Demo/Allergies - Text Input"), "TEST AUTOMATION", 10): Text 'TEST AUTOMATION' has been set to element 'Object Repository/Demo/Allergies - Text Input'

2023-11-07 16:54:00 - [MESSAGE][PASSED] - Text 'TEST AUTOMATION' has been set to element 'Object Repository/Demo/Allergies - Text Input'

2023-11-07 16:54:00 - [TEST_STEP][PASSED] - setText(findTestObject("Object Repository/Demo/Notes - Text Input"), "AUTOMATION", 10): Text 'AUTOMATION' has been set to element 'Object Repository/Demo/Notes - Text Input'

2023-11-07 16:54:01 - [MESSAGE][PASSED] - Text 'AUTOMATION' has been set to element 'Object Repository/Demo/Notes - Text Input'

2023-11-07 16:54:01 - [TEST_STEP][PASSED] - tap(findTestObject("Object Repository/Demo/Save - Button"), 10): Tapped on element 'Object Repository/Demo/Save - Button'

2023-11-07 16:54:01 - [MESSAGE][PASSED] - Tapped on element 'Object Repository/Demo/Save - Button'

2023-11-07 16:54:01 - [TEST_STEP][PASSED] - takeScreenshot("/Users/ddl02/Desktop/Screenshot/a.png"): Screenshot is taken

2023-11-07 16:54:02 - [MESSAGE][PASSED] - Screenshot is taken
[[ATTACHMENT|/Users/ddl02/Desktop/Screenshot/a.png]]

2023-11-07 16:54:02 - [TEST_STEP][PASSED] - delay(3): Delayed 3 second(s)

2023-11-07 16:54:05 - [MESSAGE][PASSED] - Delayed 3 second(s)]]></system-out>
         <system-err><![CDATA[]]></system-err>
      </testcase>
      <system-out><![CDATA[2023-11-07 16:53:34 - [TEST_SUITE][PASSED] - TS_RegressionTest: Test Cases/TC01_Register Success]]></system-out>
      <system-err><![CDATA[]]></system-err>
   </testsuite>
</testsuites>
