<?xml version="1.0" encoding="UTF-8"?>
<testsuites name="IOS_Visium Demo Test Suite - Device 1" time="53.994" tests="1" failures="0" errors="0">
   <testsuite name="IOS_Visium Demo Test Suite - Device 1" tests="1" failures="0" errors="0" time="53.994" skipped="0" timestamp="2023-11-30 12:19:21" hostname="macbook - localhost" id="Test Suites/IOS_Visium Demo Test Suite - Device 1">
      <properties>
         <property name="deviceName" value="52faf304d5147795cac1003572fb3b50d74ef5d4"/>
         <property name="devicePlatform" value=""/>
         <property name="logFolder" value="/Users/macbook/Katalon Studio/Setup 2/Reports/20231130_121903/IOS_Visium Demo Test Suite - Device 1/20231130_121904"/>
         <property name="logFiles" value="/Users/macbook/Katalon Studio/Setup 2/Reports/20231130_121903/IOS_Visium Demo Test Suite - Device 1/20231130_121904/execution0.log"/>
         <property name="attachments" value=""/>
         <property name="hostName" value="macbook - localhost"/>
         <property name="hostAddress" value="127.0.0.1"/>
         <property name="remoteDriverUrl" value="https://farmdemo.visiumlabs.com/wd/hub"/>
         <property name="desiredCapabilities" value="{
  &quot;vf:accessKey&quot;: &quot;brian:3b7e2401-0e46-4efb-9a06-193c1086b797&quot;,
  &quot;vf:sessionName&quot;: &quot;Android Automation Bank Mandiri&quot;,
  &quot;noReset&quot;: true,
  &quot;vf:saveSession&quot;: true,
  &quot;bundleId&quot;: &quot;com.apple.calculator&quot;,
  &quot;deviceName&quot;: &quot;52faf304d5147795cac1003572fb3b50d74ef5d4&quot;,
  &quot;vf:saveDeviceLog&quot;: true,
  &quot;platformVersion&quot;: &quot;15.0.2&quot;,
  &quot;vf:saveVideoRecord&quot;: true,
  &quot;automationName&quot;: &quot;xcuitest&quot;,
  &quot;vf:saveAppiumLog&quot;: true,
  &quot;platformName&quot;: &quot;IOS&quot;,
  &quot;udid&quot;: &quot;52faf304d5147795cac1003572fb3b50d74ef5d4&quot;
}"/>
         <property name="os" value="Mac OS X 64bit"/>
         <property name="katalonVersion" value="8.6.8.208"/>
      </properties>
      <testcase name="Test Cases/IOS_Calculator - Device 1" time="53.734" classname="Test Cases/IOS_Calculator - Device 1" status="PASSED">
         <system-out><![CDATA[2023-11-30 12:19:21 - [TEST_CASE][PASSED] - Test Cases/IOS_Calculator - Device 1: Test Cases/IOS_Calculator - Device 1

2023-11-30 12:19:21 - [TEST_STEP][PASSED] - visium.SetCapability.iOS("52faf304d5147795cac1003572fb3b50d74ef5d4", "52faf304d5147795cac1003572fb3b50d74ef5d4", "15.0.2"): visium.SetCapability.iOS is PASSED

2023-11-30 12:19:28 - [MESSAGE][WARNING] - Unable to get appium status. Root cause (null)

2023-11-30 12:19:28 - [MESSAGE][PASSED] - visium.SetCapability.iOS is PASSED

2023-11-30 12:19:28 - [TEST_STEP][PASSED] - tap(findTestObject("Object Repository/iOS/Angka 8"), 10): Tapped on element 'Object Repository/iOS/Angka 8'

2023-11-30 12:19:32 - [MESSAGE][PASSED] - Tapped on element 'Object Repository/iOS/Angka 8'

2023-11-30 12:19:32 - [TEST_STEP][PASSED] - tap(findTestObject("Object Repository/iOS/Kali"), 10): Tapped on element 'Object Repository/iOS/Kali'

2023-11-30 12:19:36 - [MESSAGE][PASSED] - Tapped on element 'Object Repository/iOS/Kali'

2023-11-30 12:19:36 - [TEST_STEP][PASSED] - tap(findTestObject("Object Repository/iOS/Angka 2"), 10): Tapped on element 'Object Repository/iOS/Angka 2'

2023-11-30 12:19:40 - [MESSAGE][PASSED] - Tapped on element 'Object Repository/iOS/Angka 2'

2023-11-30 12:19:40 - [TEST_STEP][PASSED] - tap(findTestObject("Object Repository/iOS/Total"), 10): Tapped on element 'Object Repository/iOS/Total'

2023-11-30 12:19:44 - [MESSAGE][PASSED] - Tapped on element 'Object Repository/iOS/Total'

2023-11-30 12:19:44 - [TEST_STEP][PASSED] - tap(findTestObject("Object Repository/iOS/Tambah"), 10): Tapped on element 'Object Repository/iOS/Tambah'

2023-11-30 12:19:48 - [MESSAGE][PASSED] - Tapped on element 'Object Repository/iOS/Tambah'

2023-11-30 12:19:48 - [TEST_STEP][PASSED] - tap(findTestObject("Object Repository/iOS/Angka 9"), 10): Tapped on element 'Object Repository/iOS/Angka 9'

2023-11-30 12:19:52 - [MESSAGE][PASSED] - Tapped on element 'Object Repository/iOS/Angka 9'

2023-11-30 12:19:52 - [TEST_STEP][PASSED] - tap(findTestObject("Object Repository/iOS/Total"), 10): Tapped on element 'Object Repository/iOS/Total'

2023-11-30 12:19:56 - [MESSAGE][PASSED] - Tapped on element 'Object Repository/iOS/Total'

2023-11-30 12:19:56 - [TEST_STEP][PASSED] - tap(findTestObject("Object Repository/iOS/Bagi"), 10): Tapped on element 'Object Repository/iOS/Bagi'

2023-11-30 12:20:01 - [MESSAGE][PASSED] - Tapped on element 'Object Repository/iOS/Bagi'

2023-11-30 12:20:01 - [TEST_STEP][PASSED] - tap(findTestObject("Object Repository/iOS/Angka 5"), 10): Tapped on element 'Object Repository/iOS/Angka 5'

2023-11-30 12:20:05 - [MESSAGE][PASSED] - Tapped on element 'Object Repository/iOS/Angka 5'

2023-11-30 12:20:05 - [TEST_STEP][PASSED] - tap(findTestObject("Object Repository/iOS/Total"), 10): Tapped on element 'Object Repository/iOS/Total'

2023-11-30 12:20:09 - [MESSAGE][PASSED] - Tapped on element 'Object Repository/iOS/Total'

2023-11-30 12:20:09 - [TEST_STEP][PASSED] - delay(5): Delayed 5 second(s)

2023-11-30 12:20:14 - [MESSAGE][PASSED] - Delayed 5 second(s)

2023-11-30 12:20:14 - [TEST_STEP][PASSED] - Start listener action : sampleAfterTestCase: null

2023-11-30 12:20:14 - [TEST_STEP][PASSED] - closeDriver(): null]]></system-out>
         <system-err><![CDATA[]]></system-err>
      </testcase>
      <system-out><![CDATA[2023-11-30 12:19:21 - [TEST_SUITE][PASSED] - IOS_Visium Demo Test Suite - Device 1: Test Cases/IOS_Calculator - Device 1]]></system-out>
      <system-err><![CDATA[]]></system-err>
   </testsuite>
</testsuites>
