<?xml version="1.0" encoding="UTF-8"?>
<testsuites name="Visium Device 1" time="82.075" tests="1" failures="0" errors="0">
   <testsuite name="Visium Device 1" tests="1" failures="0" errors="0" time="82.075" skipped="0" timestamp="2023-11-24 11:51:46" hostname="macbook - 192.168.1.78" id="Test Suites/Visium Device 1">
      <properties>
         <property name="deviceName" value="52003cffeced945f"/>
         <property name="devicePlatform" value=""/>
         <property name="logFolder" value="/Users/macbook/Katalon Studio/Setup 2/Reports/20231124_115130/Visium Device 1/20231124_115131"/>
         <property name="logFiles" value="/Users/macbook/Katalon Studio/Setup 2/Reports/20231124_115130/Visium Device 1/20231124_115131/execution0.log"/>
         <property name="attachments" value=""/>
         <property name="hostName" value="macbook - 192.168.1.78"/>
         <property name="hostAddress" value="127.0.0.1"/>
         <property name="remoteDriverUrl" value="https://farmdemo.visiumlabs.com/wd/hub"/>
         <property name="desiredCapabilities" value="{
  &quot;vf:accessKey&quot;: &quot;brian:54121be2-680f-4acc-b2fd-13228ce956f6&quot;,
  &quot;platformVersion&quot;: &quot;8.0.0&quot;,
  &quot;automationName&quot;: &quot;uiautomator2&quot;,
  &quot;vf:appId&quot;: &quot;3309883&quot;,
  &quot;platformName&quot;: &quot;ANDROID&quot;,
  &quot;udid&quot;: &quot;52003cffeced945f&quot;,
  &quot;deviceName&quot;: &quot;52003cffeced945f&quot;
}"/>
         <property name="os" value="Mac OS X 64bit"/>
         <property name="katalonVersion" value="8.6.8.208"/>
      </properties>
      <testcase name="Test Cases/TC01_Register Success - Device 1" time="81.863" classname="Test Cases/TC01_Register Success - Device 1" status="PASSED">
         <system-out><![CDATA[2023-11-24 11:51:46 - [TEST_CASE][PASSED] - Test Cases/TC01_Register Success - Device 1: Test Cases/TC01_Register Success - Device 1

2023-11-24 11:51:47 - [TEST_STEP][PASSED] - visiumFarmHub = "https://farmdemo.visiumlabs.com/wd/hub": null

2023-11-24 11:51:47 - [TEST_STEP][PASSED] - capabilities = new org.openqa.selenium.remote.DesiredCapabilities(): null

2023-11-24 11:51:47 - [TEST_STEP][PASSED] - capabilities.setCapability("deviceName", "52003cffeced945f"): null

2023-11-24 11:51:47 - [TEST_STEP][PASSED] - capabilities.setCapability("automationName", "uiautomator2"): null

2023-11-24 11:51:47 - [TEST_STEP][PASSED] - capabilities.setCapability("platformVersion", "8.0.0"): null

2023-11-24 11:51:47 - [TEST_STEP][PASSED] - capabilities.setCapability("platformName", "ANDROID"): null

2023-11-24 11:51:47 - [TEST_STEP][PASSED] - capabilities.setCapability("udid", "52003cffeced945f"): null

2023-11-24 11:51:47 - [TEST_STEP][PASSED] - capabilities.setCapability("vf:accessKey", "brian:54121be2-680f-4acc-b2fd-13228ce956f6"): null

2023-11-24 11:51:47 - [TEST_STEP][PASSED] - capabilities.setCapability("vf:appId", "3309883"): null

2023-11-24 11:51:47 - [TEST_STEP][PASSED] - createMobileDriver(ANDROID_DRIVER, capabilities, new java.net.URL(visiumFarmHub)): Unable to get appium status. Root cause (null)

2023-11-24 11:52:03 - [MESSAGE][WARNING] - Unable to get appium status. Root cause (null)

2023-11-24 11:52:04 - [TEST_STEP][PASSED] - tap(findTestObject("Object Repository/android.widget.TextView"), 100): Tapped on element 'Object Repository/android.widget.TextView'

2023-11-24 11:52:10 - [MESSAGE][PASSED] - Tapped on element 'Object Repository/android.widget.TextView'

2023-11-24 11:52:10 - [TEST_STEP][PASSED] - setText(findTestObject("Object Repository/Demo/Name - Text Input"), "DDL AUTOMATION", 10): Text 'DDL AUTOMATION' has been set to element 'Object Repository/Demo/Name - Text Input'

2023-11-24 11:52:17 - [MESSAGE][PASSED] - Text 'DDL AUTOMATION' has been set to element 'Object Repository/Demo/Name - Text Input'

2023-11-24 11:52:17 - [TEST_STEP][PASSED] - setText(findTestObject("Object Repository/Demo/Phone - Text Input"), "0857623527283", 10): Text '0857623527283' has been set to element 'Object Repository/Demo/Phone - Text Input'

2023-11-24 11:52:26 - [MESSAGE][PASSED] - Text '0857623527283' has been set to element 'Object Repository/Demo/Phone - Text Input'

2023-11-24 11:52:26 - [TEST_STEP][PASSED] - setText(findTestObject("Object Repository/Demo/Alternate Phone - Text Input"), "0813623527283", 10): Text '0813623527283' has been set to element 'Object Repository/Demo/Alternate Phone - Text Input'

2023-11-24 11:52:33 - [MESSAGE][PASSED] - Text '0813623527283' has been set to element 'Object Repository/Demo/Alternate Phone - Text Input'

2023-11-24 11:52:33 - [TEST_STEP][PASSED] - setText(findTestObject("Object Repository/Demo/Email - Text Input"), "AUTOMATION@DDL.COM", 10): Text 'AUTOMATION@DDL.COM' has been set to element 'Object Repository/Demo/Email - Text Input'

2023-11-24 11:52:39 - [MESSAGE][PASSED] - Text 'AUTOMATION@DDL.COM' has been set to element 'Object Repository/Demo/Email - Text Input'

2023-11-24 11:52:39 - [TEST_STEP][PASSED] - setText(findTestObject("Object Repository/Demo/Alternate Email - Text Input"), "ROBOT@DDL.COM", 10): Text 'ROBOT@DDL.COM' has been set to element 'Object Repository/Demo/Alternate Email - Text Input'

2023-11-24 11:52:46 - [MESSAGE][PASSED] - Text 'ROBOT@DDL.COM' has been set to element 'Object Repository/Demo/Alternate Email - Text Input'

2023-11-24 11:52:46 - [TEST_STEP][PASSED] - setText(findTestObject("Object Repository/Demo/Allergies - Text Input"), "TEST AUTOMATION", 10): Text 'TEST AUTOMATION' has been set to element 'Object Repository/Demo/Allergies - Text Input'

2023-11-24 11:52:51 - [MESSAGE][PASSED] - Text 'TEST AUTOMATION' has been set to element 'Object Repository/Demo/Allergies - Text Input'

2023-11-24 11:52:51 - [TEST_STEP][PASSED] - setText(findTestObject("Object Repository/Demo/Notes - Text Input"), "AUTOMATION", 10): Text 'AUTOMATION' has been set to element 'Object Repository/Demo/Notes - Text Input'

2023-11-24 11:52:58 - [MESSAGE][PASSED] - Text 'AUTOMATION' has been set to element 'Object Repository/Demo/Notes - Text Input'

2023-11-24 11:52:58 - [TEST_STEP][PASSED] - tap(findTestObject("Object Repository/Demo/Save - Button"), 10): Tapped on element 'Object Repository/Demo/Save - Button'

2023-11-24 11:53:03 - [MESSAGE][PASSED] - Tapped on element 'Object Repository/Demo/Save - Button'

2023-11-24 11:53:03 - [TEST_STEP][PASSED] - delay(5): Delayed 5 second(s)

2023-11-24 11:53:08 - [MESSAGE][PASSED] - Delayed 5 second(s)]]></system-out>
         <system-err><![CDATA[]]></system-err>
      </testcase>
      <system-out><![CDATA[2023-11-24 11:51:46 - [TEST_SUITE][PASSED] - Visium Device 1: Test Cases/TC01_Register Success - Device 1]]></system-out>
      <system-err><![CDATA[]]></system-err>
   </testsuite>
</testsuites>
