<?xml version="1.0" encoding="UTF-8"?>
<testsuites name="IOS_Visium Demo Test Suite - Device 2" time="61.001" tests="1" failures="0" errors="0">
   <testsuite name="IOS_Visium Demo Test Suite - Device 2" tests="1" failures="0" errors="0" time="61.001" skipped="0" timestamp="2023-11-30 12:27:54" hostname="macbook - localhost" id="Test Suites/IOS_Visium Demo Test Suite - Device 2">
      <properties>
         <property name="deviceName" value="3b910746a893bfff0ffb98026b47239f0776bcee"/>
         <property name="devicePlatform" value=""/>
         <property name="logFolder" value="/Users/macbook/Katalon Studio/Setup 2/Reports/20231130_122718/IOS_Visium Demo Test Suite - Device 2/20231130_122721"/>
         <property name="logFiles" value="/Users/macbook/Katalon Studio/Setup 2/Reports/20231130_122718/IOS_Visium Demo Test Suite - Device 2/20231130_122721/execution0.log"/>
         <property name="attachments" value=""/>
         <property name="hostName" value="macbook - localhost"/>
         <property name="hostAddress" value="127.0.0.1"/>
         <property name="remoteDriverUrl" value="https://farmdemo.visiumlabs.com/wd/hub"/>
         <property name="desiredCapabilities" value="{
  &quot;vf:accessKey&quot;: &quot;brian:3b7e2401-0e46-4efb-9a06-193c1086b797&quot;,
  &quot;vf:sessionName&quot;: &quot;Android Automation Bank Mandiri&quot;,
  &quot;noReset&quot;: true,
  &quot;vf:saveSession&quot;: true,
  &quot;bundleId&quot;: &quot;com.apple.calculator&quot;,
  &quot;deviceName&quot;: &quot;3b910746a893bfff0ffb98026b47239f0776bcee&quot;,
  &quot;vf:saveDeviceLog&quot;: true,
  &quot;platformVersion&quot;: &quot;12.3.1&quot;,
  &quot;vf:saveVideoRecord&quot;: true,
  &quot;automationName&quot;: &quot;xcuitest&quot;,
  &quot;vf:saveAppiumLog&quot;: true,
  &quot;platformName&quot;: &quot;IOS&quot;,
  &quot;udid&quot;: &quot;3b910746a893bfff0ffb98026b47239f0776bcee&quot;
}"/>
         <property name="os" value="Mac OS X 64bit"/>
         <property name="katalonVersion" value="8.6.8.208"/>
      </properties>
      <testcase name="Test Cases/IOS_Calculator - Device 2" time="60.706" classname="Test Cases/IOS_Calculator - Device 2" status="PASSED">
         <system-out><![CDATA[2023-11-30 12:27:55 - [TEST_CASE][PASSED] - Test Cases/IOS_Calculator - Device 2: Test Cases/IOS_Calculator - Device 2

2023-11-30 12:27:55 - [TEST_STEP][PASSED] - visium.SetCapability.iOS("3b910746a893bfff0ffb98026b47239f0776bcee", "3b910746a893bfff0ffb98026b47239f0776bcee", "12.3.1"): visium.SetCapability.iOS is PASSED

2023-11-30 12:28:01 - [MESSAGE][WARNING] - Unable to get appium status. Root cause (null)

2023-11-30 12:28:01 - [MESSAGE][PASSED] - visium.SetCapability.iOS is PASSED

2023-11-30 12:28:01 - [TEST_STEP][PASSED] - tap(findTestObject("Object Repository/iOS - iPhone 8/Angka 8"), 10): Tapped on element 'Object Repository/iOS - iPhone 8/Angka 8'

2023-11-30 12:28:06 - [MESSAGE][PASSED] - Tapped on element 'Object Repository/iOS - iPhone 8/Angka 8'

2023-11-30 12:28:06 - [TEST_STEP][PASSED] - tap(findTestObject("Object Repository/iOS - iPhone 6/Kali"), 10): Tapped on element 'Object Repository/iOS - iPhone 6/Kali'

2023-11-30 12:28:12 - [MESSAGE][PASSED] - Tapped on element 'Object Repository/iOS - iPhone 6/Kali'

2023-11-30 12:28:12 - [TEST_STEP][PASSED] - tap(findTestObject("Object Repository/iOS - iPhone 8/Angka 2"), 10): Tapped on element 'Object Repository/iOS - iPhone 8/Angka 2'

2023-11-30 12:28:17 - [MESSAGE][PASSED] - Tapped on element 'Object Repository/iOS - iPhone 8/Angka 2'

2023-11-30 12:28:17 - [TEST_STEP][PASSED] - tap(findTestObject("Object Repository/iOS - iPhone 6/Total"), 10): Tapped on element 'Object Repository/iOS - iPhone 6/Total'

2023-11-30 12:28:21 - [MESSAGE][PASSED] - Tapped on element 'Object Repository/iOS - iPhone 6/Total'

2023-11-30 12:28:21 - [TEST_STEP][PASSED] - tap(findTestObject("Object Repository/iOS - iPhone 6/Tambah"), 10): Tapped on element 'Object Repository/iOS - iPhone 6/Tambah'

2023-11-30 12:28:26 - [MESSAGE][PASSED] - Tapped on element 'Object Repository/iOS - iPhone 6/Tambah'

2023-11-30 12:28:26 - [TEST_STEP][PASSED] - tap(findTestObject("Object Repository/iOS - iPhone 8/Angka 9"), 10): Tapped on element 'Object Repository/iOS - iPhone 8/Angka 9'

2023-11-30 12:28:30 - [MESSAGE][PASSED] - Tapped on element 'Object Repository/iOS - iPhone 8/Angka 9'

2023-11-30 12:28:30 - [TEST_STEP][PASSED] - tap(findTestObject("Object Repository/iOS - iPhone 6/Total"), 10): Tapped on element 'Object Repository/iOS - iPhone 6/Total'

2023-11-30 12:28:36 - [MESSAGE][PASSED] - Tapped on element 'Object Repository/iOS - iPhone 6/Total'

2023-11-30 12:28:36 - [TEST_STEP][PASSED] - tap(findTestObject("Object Repository/iOS - iPhone 6/Bagi"), 10): Tapped on element 'Object Repository/iOS - iPhone 6/Bagi'

2023-11-30 12:28:41 - [MESSAGE][PASSED] - Tapped on element 'Object Repository/iOS - iPhone 6/Bagi'

2023-11-30 12:28:41 - [TEST_STEP][PASSED] - tap(findTestObject("Object Repository/iOS - iPhone 8/Angka 5"), 10): Tapped on element 'Object Repository/iOS - iPhone 8/Angka 5'

2023-11-30 12:28:45 - [MESSAGE][PASSED] - Tapped on element 'Object Repository/iOS - iPhone 8/Angka 5'

2023-11-30 12:28:45 - [TEST_STEP][PASSED] - tap(findTestObject("Object Repository/iOS - iPhone 6/Total"), 10): Tapped on element 'Object Repository/iOS - iPhone 6/Total'

2023-11-30 12:28:50 - [MESSAGE][PASSED] - Tapped on element 'Object Repository/iOS - iPhone 6/Total'

2023-11-30 12:28:50 - [TEST_STEP][PASSED] - delay(5): Delayed 5 second(s)

2023-11-30 12:28:55 - [MESSAGE][PASSED] - Delayed 5 second(s)

2023-11-30 12:28:55 - [TEST_STEP][PASSED] - Start listener action : sampleAfterTestCase: null

2023-11-30 12:28:55 - [TEST_STEP][PASSED] - closeDriver(): null]]></system-out>
         <system-err><![CDATA[]]></system-err>
      </testcase>
      <system-out><![CDATA[2023-11-30 12:27:54 - [TEST_SUITE][PASSED] - IOS_Visium Demo Test Suite - Device 2: Test Cases/IOS_Calculator - Device 2]]></system-out>
      <system-err><![CDATA[]]></system-err>
   </testsuite>
</testsuites>
