<?xml version="1.0" encoding="UTF-8"?>
<testsuites name="ANDROID_Visium Demo Test Suite - Device 1" time="107.156" tests="1" failures="0" errors="0">
   <testsuite name="ANDROID_Visium Demo Test Suite - Device 1" tests="1" failures="0" errors="0" time="107.156" skipped="0" timestamp="2023-11-29 14:46:30" hostname="macbook - localhost" id="Test Suites/ANDROID_Visium Demo Test Suite - Device 1">
      <properties>
         <property name="deviceName" value="52003cffeced945f"/>
         <property name="devicePlatform" value=""/>
         <property name="logFolder" value="/Users/macbook/Katalon Studio/Setup 2/Reports/20231129_144511/ANDROID_Visium Demo Test Suite - Device 1/20231129_144513"/>
         <property name="logFiles" value="/Users/macbook/Katalon Studio/Setup 2/Reports/20231129_144511/ANDROID_Visium Demo Test Suite - Device 1/20231129_144513/execution0.log"/>
         <property name="attachments" value=""/>
         <property name="hostName" value="macbook - localhost"/>
         <property name="hostAddress" value="127.0.0.1"/>
         <property name="remoteDriverUrl" value="https://farmdemo.visiumlabs.com/wd/hub"/>
         <property name="desiredCapabilities" value="{
  &quot;vf:accessKey&quot;: &quot;brian:26e1ef17-b42c-469f-880b-bb86624a2b9e&quot;,
  &quot;vf:sessionName&quot;: &quot;Android Automation Bank Mandiri&quot;,
  &quot;noReset&quot;: true,
  &quot;vf:saveSession&quot;: true,
  &quot;deviceName&quot;: &quot;52003cffeced945f&quot;,
  &quot;vf:saveDeviceLog&quot;: true,
  &quot;platformVersion&quot;: &quot;8.0.0&quot;,
  &quot;vf:saveVideoRecord&quot;: true,
  &quot;automationName&quot;: &quot;uiautomator2&quot;,
  &quot;vf:appId&quot;: &quot;3309883&quot;,
  &quot;vf:saveAppiumLog&quot;: true,
  &quot;platformName&quot;: &quot;ANDROID&quot;,
  &quot;udid&quot;: &quot;52003cffeced945f&quot;
}"/>
         <property name="os" value="Mac OS X 64bit"/>
         <property name="katalonVersion" value="8.6.8.208"/>
      </properties>
      <testcase name="Test Cases/ANDROID_Register Success - Device 1" time="106.906" classname="Test Cases/ANDROID_Register Success - Device 1" status="PASSED">
         <system-out><![CDATA[2023-11-29 14:46:30 - [TEST_CASE][PASSED] - Test Cases/ANDROID_Register Success - Device 1: Test Cases/ANDROID_Register Success - Device 1

2023-11-29 14:46:30 - [TEST_STEP][PASSED] - visium.SetCapability.android("52003cffeced945f", "52003cffeced945f", "8.0.0"): visium.SetCapability.android is PASSED

2023-11-29 14:46:48 - [MESSAGE][WARNING] - Unable to get appium status. Root cause (null)

2023-11-29 14:46:49 - [MESSAGE][PASSED] - visium.SetCapability.android is PASSED

2023-11-29 14:46:49 - [TEST_STEP][PASSED] - tap(findTestObject("Object Repository/Demo/Add - Button"), 10): Tapped on element 'Object Repository/Demo/Add - Button'

2023-11-29 14:47:00 - [MESSAGE][PASSED] - Tapped on element 'Object Repository/Demo/Add - Button'

2023-11-29 14:47:00 - [TEST_STEP][PASSED] - setText(findTestObject("Object Repository/Demo/Name - Text Input"), "DDL AUTOMATION", 10): Text 'DDL AUTOMATION' has been set to element 'Object Repository/Demo/Name - Text Input'

2023-11-29 14:47:09 - [MESSAGE][PASSED] - Text 'DDL AUTOMATION' has been set to element 'Object Repository/Demo/Name - Text Input'

2023-11-29 14:47:09 - [TEST_STEP][PASSED] - setText(findTestObject("Object Repository/Demo/Phone - Text Input"), "0857623527283", 10): Text '0857623527283' has been set to element 'Object Repository/Demo/Phone - Text Input'

2023-11-29 14:47:17 - [MESSAGE][PASSED] - Text '0857623527283' has been set to element 'Object Repository/Demo/Phone - Text Input'

2023-11-29 14:47:17 - [TEST_STEP][PASSED] - setText(findTestObject("Object Repository/Demo/Alternate Phone - Text Input"), "0813623527283", 10): Text '0813623527283' has been set to element 'Object Repository/Demo/Alternate Phone - Text Input'

2023-11-29 14:47:26 - [MESSAGE][PASSED] - Text '0813623527283' has been set to element 'Object Repository/Demo/Alternate Phone - Text Input'

2023-11-29 14:47:26 - [TEST_STEP][PASSED] - setText(findTestObject("Object Repository/Demo/Email - Text Input"), "AUTOMATION@DDL.COM", 10): Text 'AUTOMATION@DDL.COM' has been set to element 'Object Repository/Demo/Email - Text Input'

2023-11-29 14:47:35 - [MESSAGE][PASSED] - Text 'AUTOMATION@DDL.COM' has been set to element 'Object Repository/Demo/Email - Text Input'

2023-11-29 14:47:35 - [TEST_STEP][PASSED] - setText(findTestObject("Object Repository/Demo/Alternate Email - Text Input"), "ROBOT@DDL.COM", 10): Text 'ROBOT@DDL.COM' has been set to element 'Object Repository/Demo/Alternate Email - Text Input'

2023-11-29 14:47:44 - [MESSAGE][PASSED] - Text 'ROBOT@DDL.COM' has been set to element 'Object Repository/Demo/Alternate Email - Text Input'

2023-11-29 14:47:44 - [TEST_STEP][PASSED] - setText(findTestObject("Object Repository/Demo/Allergies - Text Input"), "TEST AUTOMATION", 10): Text 'TEST AUTOMATION' has been set to element 'Object Repository/Demo/Allergies - Text Input'

2023-11-29 14:47:53 - [MESSAGE][PASSED] - Text 'TEST AUTOMATION' has been set to element 'Object Repository/Demo/Allergies - Text Input'

2023-11-29 14:47:53 - [TEST_STEP][PASSED] - setText(findTestObject("Object Repository/Demo/Notes - Text Input"), "AUTOMATION", 10): Text 'AUTOMATION' has been set to element 'Object Repository/Demo/Notes - Text Input'

2023-11-29 14:48:02 - [MESSAGE][PASSED] - Text 'AUTOMATION' has been set to element 'Object Repository/Demo/Notes - Text Input'

2023-11-29 14:48:02 - [TEST_STEP][PASSED] - tap(findTestObject("Object Repository/Demo/Save - Button"), 10): Tapped on element 'Object Repository/Demo/Save - Button'

2023-11-29 14:48:10 - [MESSAGE][PASSED] - Tapped on element 'Object Repository/Demo/Save - Button'

2023-11-29 14:48:10 - [TEST_STEP][PASSED] - delay(5): Delayed 5 second(s)

2023-11-29 14:48:15 - [MESSAGE][PASSED] - Delayed 5 second(s)

2023-11-29 14:48:15 - [TEST_STEP][PASSED] - Start listener action : sampleAfterTestCase: null

2023-11-29 14:48:15 - [TEST_STEP][PASSED] - closeDriver(): null]]></system-out>
         <system-err><![CDATA[]]></system-err>
      </testcase>
      <system-out><![CDATA[2023-11-29 14:46:30 - [TEST_SUITE][PASSED] - ANDROID_Visium Demo Test Suite - Device 1: Test Cases/ANDROID_Register Success - Device 1]]></system-out>
      <system-err><![CDATA[]]></system-err>
   </testsuite>
</testsuites>
