<?xml version="1.0" encoding="UTF-8"?>
<testsuites name="Visium Device 2" time="92.023" tests="1" failures="0" errors="0">
   <testsuite name="Visium Device 2" tests="1" failures="0" errors="0" time="92.023" skipped="0" timestamp="2023-11-24 15:47:09" hostname="macbook - 192.168.1.78" id="Test Suites/Visium Device 2">
      <properties>
         <property name="deviceName" value="9321f298"/>
         <property name="devicePlatform" value=""/>
         <property name="logFolder" value="/Users/macbook/Katalon Studio/Setup 2/Reports/20231124_154641/Visium Device 2/20231124_154644"/>
         <property name="logFiles" value="/Users/macbook/Katalon Studio/Setup 2/Reports/20231124_154641/Visium Device 2/20231124_154644/execution0.log"/>
         <property name="attachments" value=""/>
         <property name="hostName" value="macbook - 192.168.1.78"/>
         <property name="hostAddress" value="127.0.0.1"/>
         <property name="remoteDriverUrl" value="https://farmdemo.visiumlabs.com/wd/hub"/>
         <property name="desiredCapabilities" value="{
  &quot;vf:accessKey&quot;: &quot;brian:54121be2-680f-4acc-b2fd-13228ce956f6&quot;,
  &quot;platformVersion&quot;: &quot;8.1.0&quot;,
  &quot;automationName&quot;: &quot;uiautomator2&quot;,
  &quot;vf:appId&quot;: &quot;3309883&quot;,
  &quot;platformName&quot;: &quot;ANDROID&quot;,
  &quot;udid&quot;: &quot;9321f298&quot;,
  &quot;deviceName&quot;: &quot;9321f298&quot;
}"/>
         <property name="os" value="Mac OS X 64bit"/>
         <property name="katalonVersion" value="8.6.8.208"/>
      </properties>
      <testcase name="Test Cases/TC01_Register Success - Device 2" time="91.796" classname="Test Cases/TC01_Register Success - Device 2" status="PASSED">
         <system-out><![CDATA[2023-11-24 15:47:09 - [TEST_CASE][PASSED] - Test Cases/TC01_Register Success - Device 2: Test Cases/TC01_Register Success - Device 2

2023-11-24 15:47:09 - [TEST_STEP][PASSED] - visiumFarmHub = "https://farmdemo.visiumlabs.com/wd/hub": null

2023-11-24 15:47:09 - [TEST_STEP][PASSED] - capabilities = new org.openqa.selenium.remote.DesiredCapabilities(): null

2023-11-24 15:47:09 - [TEST_STEP][PASSED] - capabilities.setCapability("deviceName", "9321f298"): null

2023-11-24 15:47:09 - [TEST_STEP][PASSED] - capabilities.setCapability("automationName", "uiautomator2"): null

2023-11-24 15:47:09 - [TEST_STEP][PASSED] - capabilities.setCapability("platformVersion", "8.1.0"): null

2023-11-24 15:47:09 - [TEST_STEP][PASSED] - capabilities.setCapability("platformName", "ANDROID"): null

2023-11-24 15:47:09 - [TEST_STEP][PASSED] - capabilities.setCapability("udid", "9321f298"): null

2023-11-24 15:47:09 - [TEST_STEP][PASSED] - capabilities.setCapability("vf:accessKey", "brian:54121be2-680f-4acc-b2fd-13228ce956f6"): null

2023-11-24 15:47:09 - [TEST_STEP][PASSED] - capabilities.setCapability("vf:appId", "3309883"): null

2023-11-24 15:47:09 - [TEST_STEP][PASSED] - createMobileDriver(ANDROID_DRIVER, capabilities, new java.net.URL(visiumFarmHub)): Unable to get appium status. Root cause (null)

2023-11-24 15:47:30 - [MESSAGE][WARNING] - Unable to get appium status. Root cause (null)

2023-11-24 15:47:32 - [TEST_STEP][PASSED] - tap(findTestObject("Object Repository/android.widget.TextView"), 100): Tapped on element 'Object Repository/android.widget.TextView'

2023-11-24 15:47:38 - [MESSAGE][PASSED] - Tapped on element 'Object Repository/android.widget.TextView'

2023-11-24 15:47:38 - [TEST_STEP][PASSED] - setText(findTestObject("Object Repository/Demo/Name - Text Input"), "DDL AUTOMATION", 10): Text 'DDL AUTOMATION' has been set to element 'Object Repository/Demo/Name - Text Input'

2023-11-24 15:47:45 - [MESSAGE][PASSED] - Text 'DDL AUTOMATION' has been set to element 'Object Repository/Demo/Name - Text Input'

2023-11-24 15:47:45 - [TEST_STEP][PASSED] - setText(findTestObject("Object Repository/Demo/Phone - Text Input"), "0857623527283", 10): Text '0857623527283' has been set to element 'Object Repository/Demo/Phone - Text Input'

2023-11-24 15:47:51 - [MESSAGE][PASSED] - Text '0857623527283' has been set to element 'Object Repository/Demo/Phone - Text Input'

2023-11-24 15:47:51 - [TEST_STEP][PASSED] - setText(findTestObject("Object Repository/Demo/Alternate Phone - Text Input"), "0813623527283", 10): Text '0813623527283' has been set to element 'Object Repository/Demo/Alternate Phone - Text Input'

2023-11-24 15:47:58 - [MESSAGE][PASSED] - Text '0813623527283' has been set to element 'Object Repository/Demo/Alternate Phone - Text Input'

2023-11-24 15:47:58 - [TEST_STEP][PASSED] - setText(findTestObject("Object Repository/Demo/Email - Text Input"), "AUTOMATION@DDL.COM", 10): Text 'AUTOMATION@DDL.COM' has been set to element 'Object Repository/Demo/Email - Text Input'

2023-11-24 15:48:06 - [MESSAGE][PASSED] - Text 'AUTOMATION@DDL.COM' has been set to element 'Object Repository/Demo/Email - Text Input'

2023-11-24 15:48:06 - [TEST_STEP][PASSED] - setText(findTestObject("Object Repository/Demo/Alternate Email - Text Input"), "ROBOT@DDL.COM", 10): Text 'ROBOT@DDL.COM' has been set to element 'Object Repository/Demo/Alternate Email - Text Input'

2023-11-24 15:48:12 - [MESSAGE][PASSED] - Text 'ROBOT@DDL.COM' has been set to element 'Object Repository/Demo/Alternate Email - Text Input'

2023-11-24 15:48:12 - [TEST_STEP][PASSED] - setText(findTestObject("Object Repository/Demo/Allergies - Text Input"), "TEST AUTOMATION", 10): Text 'TEST AUTOMATION' has been set to element 'Object Repository/Demo/Allergies - Text Input'

2023-11-24 15:48:24 - [MESSAGE][PASSED] - Text 'TEST AUTOMATION' has been set to element 'Object Repository/Demo/Allergies - Text Input'

2023-11-24 15:48:24 - [TEST_STEP][PASSED] - setText(findTestObject("Object Repository/Demo/Notes - Text Input"), "AUTOMATION", 10): Text 'AUTOMATION' has been set to element 'Object Repository/Demo/Notes - Text Input'

2023-11-24 15:48:32 - [MESSAGE][PASSED] - Text 'AUTOMATION' has been set to element 'Object Repository/Demo/Notes - Text Input'

2023-11-24 15:48:32 - [TEST_STEP][PASSED] - tap(findTestObject("Object Repository/Demo/Save - Button"), 10): Tapped on element 'Object Repository/Demo/Save - Button'

2023-11-24 15:48:38 - [MESSAGE][PASSED] - Tapped on element 'Object Repository/Demo/Save - Button'

2023-11-24 15:48:38 - [TEST_STEP][PASSED] - delay(3): Delayed 3 second(s)

2023-11-24 15:48:41 - [MESSAGE][PASSED] - Delayed 3 second(s)]]></system-out>
         <system-err><![CDATA[]]></system-err>
      </testcase>
      <system-out><![CDATA[2023-11-24 15:47:09 - [TEST_SUITE][PASSED] - Visium Device 2: Test Cases/TC01_Register Success - Device 2]]></system-out>
      <system-err><![CDATA[]]></system-err>
   </testsuite>
</testsuites>
