<?xml version="1.0" encoding="UTF-8"?>
<testsuites name="Visium Demo Test Suite - Device 1" time="107.415" tests="1" failures="0" errors="0">
   <testsuite name="Visium Demo Test Suite - Device 1" tests="1" failures="0" errors="0" time="107.415" skipped="0" timestamp="2023-11-29 12:05:54" hostname="macbook - localhost" id="Test Suites/Visium Demo Test Suite - Device 1">
      <properties>
         <property name="deviceName"/>
         <property name="devicePlatform" value=""/>
         <property name="logFolder" value="/Users/macbook/Katalon Studio/Setup 2/Reports/20231129_120536/Visium Demo Test Suite - Device 1/20231129_120537"/>
         <property name="logFiles" value="/Users/macbook/Katalon Studio/Setup 2/Reports/20231129_120536/Visium Demo Test Suite - Device 1/20231129_120537/execution0.log"/>
         <property name="attachments" value=""/>
         <property name="hostName" value="macbook - localhost"/>
         <property name="hostAddress" value="127.0.0.1"/>
         <property name="remoteDriverUrl" value="https://farmdemo.visiumlabs.com/wd/hub"/>
         <property name="desiredCapabilities" value="{
  &quot;vf:accessKey&quot;: &quot;brian:26e1ef17-b42c-469f-880b-bb86624a2b9e&quot;,
  &quot;vf:sessionName&quot;: &quot;Automation Bank Mandiri&quot;,
  &quot;noReset&quot;: true,
  &quot;vf:saveSession&quot;: true,
  &quot;vf:saveVideoRecord&quot;: true,
  &quot;automationName&quot;: &quot;uiautomator2&quot;,
  &quot;vf:appId&quot;: &quot;3309883&quot;,
  &quot;vf:saveAppiumLog&quot;: true,
  &quot;platformName&quot;: &quot;ANDROID&quot;,
  &quot;udid&quot;: &quot;52003cffeced945f&quot;,
  &quot;vf:saveDeviceLog&quot;: true
}"/>
         <property name="os" value="Mac OS X 64bit"/>
         <property name="katalonVersion" value="8.6.8.208"/>
      </properties>
      <testcase name="Test Cases/TC01_Register Success - Device 1" time="107.079" classname="Test Cases/TC01_Register Success - Device 1" status="PASSED">
         <system-out><![CDATA[2023-11-29 12:05:54 - [TEST_CASE][PASSED] - Test Cases/TC01_Register Success - Device 1: Test Cases/TC01_Register Success - Device 1

2023-11-29 12:05:55 - [TEST_STEP][PASSED] - visium.SetCapability.android("52003cffeced945f"): visium.SetCapability.android is PASSED

2023-11-29 12:06:12 - [MESSAGE][WARNING] - Unable to get appium status. Root cause (null)

2023-11-29 12:06:13 - [MESSAGE][PASSED] - visium.SetCapability.android is PASSED

2023-11-29 12:06:13 - [TEST_STEP][PASSED] - tap(findTestObject("Object Repository/Demo/Add - Button"), 10): Tapped on element 'Object Repository/Demo/Add - Button'

2023-11-29 12:06:22 - [MESSAGE][PASSED] - Tapped on element 'Object Repository/Demo/Add - Button'

2023-11-29 12:06:22 - [TEST_STEP][PASSED] - setText(findTestObject("Object Repository/Demo/Name - Text Input"), "DDL AUTOMATION", 10): Text 'DDL AUTOMATION' has been set to element 'Object Repository/Demo/Name - Text Input'

2023-11-29 12:06:32 - [MESSAGE][PASSED] - Text 'DDL AUTOMATION' has been set to element 'Object Repository/Demo/Name - Text Input'

2023-11-29 12:06:32 - [TEST_STEP][PASSED] - setText(findTestObject("Object Repository/Demo/Phone - Text Input"), "0857623527283", 10): Text '0857623527283' has been set to element 'Object Repository/Demo/Phone - Text Input'

2023-11-29 12:06:43 - [MESSAGE][PASSED] - Text '0857623527283' has been set to element 'Object Repository/Demo/Phone - Text Input'

2023-11-29 12:06:43 - [TEST_STEP][PASSED] - setText(findTestObject("Object Repository/Demo/Alternate Phone - Text Input"), "0813623527283", 10): Text '0813623527283' has been set to element 'Object Repository/Demo/Alternate Phone - Text Input'

2023-11-29 12:06:53 - [MESSAGE][PASSED] - Text '0813623527283' has been set to element 'Object Repository/Demo/Alternate Phone - Text Input'

2023-11-29 12:06:53 - [TEST_STEP][PASSED] - setText(findTestObject("Object Repository/Demo/Email - Text Input"), "AUTOMATION@DDL.COM", 10): Text 'AUTOMATION@DDL.COM' has been set to element 'Object Repository/Demo/Email - Text Input'

2023-11-29 12:07:02 - [MESSAGE][PASSED] - Text 'AUTOMATION@DDL.COM' has been set to element 'Object Repository/Demo/Email - Text Input'

2023-11-29 12:07:02 - [TEST_STEP][PASSED] - setText(findTestObject("Object Repository/Demo/Alternate Email - Text Input"), "ROBOT@DDL.COM", 10): Text 'ROBOT@DDL.COM' has been set to element 'Object Repository/Demo/Alternate Email - Text Input'

2023-11-29 12:07:11 - [MESSAGE][PASSED] - Text 'ROBOT@DDL.COM' has been set to element 'Object Repository/Demo/Alternate Email - Text Input'

2023-11-29 12:07:11 - [TEST_STEP][PASSED] - setText(findTestObject("Object Repository/Demo/Allergies - Text Input"), "TEST AUTOMATION", 10): Text 'TEST AUTOMATION' has been set to element 'Object Repository/Demo/Allergies - Text Input'

2023-11-29 12:07:20 - [MESSAGE][PASSED] - Text 'TEST AUTOMATION' has been set to element 'Object Repository/Demo/Allergies - Text Input'

2023-11-29 12:07:20 - [TEST_STEP][PASSED] - setText(findTestObject("Object Repository/Demo/Notes - Text Input"), "AUTOMATION", 10): Text 'AUTOMATION' has been set to element 'Object Repository/Demo/Notes - Text Input'

2023-11-29 12:07:29 - [MESSAGE][PASSED] - Text 'AUTOMATION' has been set to element 'Object Repository/Demo/Notes - Text Input'

2023-11-29 12:07:29 - [TEST_STEP][PASSED] - tap(findTestObject("Object Repository/Demo/Save - Button"), 10): Tapped on element 'Object Repository/Demo/Save - Button'

2023-11-29 12:07:35 - [MESSAGE][PASSED] - Tapped on element 'Object Repository/Demo/Save - Button'

2023-11-29 12:07:35 - [TEST_STEP][PASSED] - delay(5): Delayed 5 second(s)

2023-11-29 12:07:40 - [MESSAGE][PASSED] - Delayed 5 second(s)

2023-11-29 12:07:40 - [TEST_STEP][PASSED] - Start listener action : sampleAfterTestCase: null

2023-11-29 12:07:40 - [TEST_STEP][PASSED] - closeDriver(): null]]></system-out>
         <system-err><![CDATA[]]></system-err>
      </testcase>
      <system-out><![CDATA[2023-11-29 12:05:54 - [TEST_SUITE][PASSED] - Visium Demo Test Suite - Device 1: Test Cases/TC01_Register Success - Device 1]]></system-out>
      <system-err><![CDATA[]]></system-err>
   </testsuite>
</testsuites>
