<?xml version="1.0" encoding="UTF-8"?>
<testsuites name="Visium Device 1" time="93.068" tests="1" failures="0" errors="0">
   <testsuite name="Visium Device 1" tests="1" failures="0" errors="0" time="93.068" skipped="0" timestamp="2023-11-27 14:53:02" hostname="macbook - localhost" id="Test Suites/Visium Device 1">
      <properties>
         <property name="deviceName"/>
         <property name="devicePlatform" value=""/>
         <property name="logFolder" value="/Users/macbook/Katalon Studio/Setup 2/Reports/20231127_145246/Visium Device 1/20231127_145247"/>
         <property name="logFiles" value="/Users/macbook/Katalon Studio/Setup 2/Reports/20231127_145246/Visium Device 1/20231127_145247/execution0.log"/>
         <property name="attachments" value=""/>
         <property name="hostName" value="macbook - localhost"/>
         <property name="hostAddress" value="127.0.0.1"/>
         <property name="remoteDriverUrl" value="https://farmdemo.visiumlabs.com/wd/hub"/>
         <property name="desiredCapabilities" value="{
  &quot;automationName&quot;: &quot;uiautomator2&quot;,
  &quot;vf:appId&quot;: &quot;3309883&quot;,
  &quot;vf:accessKey&quot;: &quot;brian:54121be2-680f-4acc-b2fd-13228ce956f6&quot;,
  &quot;platformName&quot;: &quot;ANDROID&quot;
}"/>
         <property name="os" value="Mac OS X 64bit"/>
         <property name="katalonVersion" value="8.6.8.208"/>
      </properties>
      <testcase name="Test Cases/TC01_Register Success - Device 1" time="92.846" classname="Test Cases/TC01_Register Success - Device 1" status="PASSED">
         <system-out><![CDATA[2023-11-27 14:53:02 - [TEST_CASE][PASSED] - Test Cases/TC01_Register Success - Device 1: Test Cases/TC01_Register Success - Device 1

2023-11-27 14:53:02 - [TEST_STEP][PASSED] - Start listener action : sampleBeforeTestCase: Unable to get appium status. Root cause (null)

2023-11-27 14:53:03 - [TEST_STEP][PASSED] - webDriverVisiumFarmHub = "https://farmdemo.visiumlabs.com/wd/hub": null

2023-11-27 14:53:03 - [TEST_STEP][PASSED] - capabilities = new org.openqa.selenium.remote.DesiredCapabilities(): null

2023-11-27 14:53:03 - [TEST_STEP][PASSED] - capabilities.setCapability("automationName", "uiautomator2"): null

2023-11-27 14:53:03 - [TEST_STEP][PASSED] - capabilities.setCapability("platformName", "ANDROID"): null

2023-11-27 14:53:03 - [TEST_STEP][PASSED] - capabilities.setCapability("vf:accessKey", "brian:54121be2-680f-4acc-b2fd-13228ce956f6"): null

2023-11-27 14:53:03 - [TEST_STEP][PASSED] - capabilities.setCapability("vf:appId", "3309883"): null

2023-11-27 14:53:03 - [TEST_STEP][PASSED] - createMobileDriver(ANDROID_DRIVER, capabilities, new java.net.URL(webDriverVisiumFarmHub)): Unable to get appium status. Root cause (null)

2023-11-27 14:53:21 - [MESSAGE][WARNING] - Unable to get appium status. Root cause (null)

2023-11-27 14:53:22 - [TEST_STEP][PASSED] - tap(findTestObject("Object Repository/android.widget.TextView"), 100): Tapped on element 'Object Repository/android.widget.TextView'

2023-11-27 14:53:29 - [MESSAGE][PASSED] - Tapped on element 'Object Repository/android.widget.TextView'

2023-11-27 14:53:29 - [TEST_STEP][PASSED] - setText(findTestObject("Object Repository/Demo/Name - Text Input"), "DDL AUTOMATION", 10): Text 'DDL AUTOMATION' has been set to element 'Object Repository/Demo/Name - Text Input'

2023-11-27 14:53:37 - [MESSAGE][PASSED] - Text 'DDL AUTOMATION' has been set to element 'Object Repository/Demo/Name - Text Input'

2023-11-27 14:53:37 - [TEST_STEP][PASSED] - setText(findTestObject("Object Repository/Demo/Phone - Text Input"), "0857623527283", 10): Text '0857623527283' has been set to element 'Object Repository/Demo/Phone - Text Input'

2023-11-27 14:53:47 - [MESSAGE][PASSED] - Text '0857623527283' has been set to element 'Object Repository/Demo/Phone - Text Input'

2023-11-27 14:53:47 - [TEST_STEP][PASSED] - setText(findTestObject("Object Repository/Demo/Alternate Phone - Text Input"), "0813623527283", 10): Text '0813623527283' has been set to element 'Object Repository/Demo/Alternate Phone - Text Input'

2023-11-27 14:53:56 - [MESSAGE][PASSED] - Text '0813623527283' has been set to element 'Object Repository/Demo/Alternate Phone - Text Input'

2023-11-27 14:53:56 - [TEST_STEP][PASSED] - setText(findTestObject("Object Repository/Demo/Email - Text Input"), "AUTOMATION@DDL.COM", 10): Text 'AUTOMATION@DDL.COM' has been set to element 'Object Repository/Demo/Email - Text Input'

2023-11-27 14:54:02 - [MESSAGE][PASSED] - Text 'AUTOMATION@DDL.COM' has been set to element 'Object Repository/Demo/Email - Text Input'

2023-11-27 14:54:02 - [TEST_STEP][PASSED] - setText(findTestObject("Object Repository/Demo/Alternate Email - Text Input"), "ROBOT@DDL.COM", 10): Text 'ROBOT@DDL.COM' has been set to element 'Object Repository/Demo/Alternate Email - Text Input'

2023-11-27 14:54:09 - [MESSAGE][PASSED] - Text 'ROBOT@DDL.COM' has been set to element 'Object Repository/Demo/Alternate Email - Text Input'

2023-11-27 14:54:09 - [TEST_STEP][PASSED] - setText(findTestObject("Object Repository/Demo/Allergies - Text Input"), "TEST AUTOMATION", 10): Text 'TEST AUTOMATION' has been set to element 'Object Repository/Demo/Allergies - Text Input'

2023-11-27 14:54:17 - [MESSAGE][PASSED] - Text 'TEST AUTOMATION' has been set to element 'Object Repository/Demo/Allergies - Text Input'

2023-11-27 14:54:17 - [TEST_STEP][PASSED] - setText(findTestObject("Object Repository/Demo/Notes - Text Input"), "AUTOMATION", 10): Text 'AUTOMATION' has been set to element 'Object Repository/Demo/Notes - Text Input'

2023-11-27 14:54:25 - [MESSAGE][PASSED] - Text 'AUTOMATION' has been set to element 'Object Repository/Demo/Notes - Text Input'

2023-11-27 14:54:25 - [TEST_STEP][PASSED] - tap(findTestObject("Object Repository/Demo/Save - Button"), 10): Tapped on element 'Object Repository/Demo/Save - Button'

2023-11-27 14:54:30 - [MESSAGE][PASSED] - Tapped on element 'Object Repository/Demo/Save - Button'

2023-11-27 14:54:30 - [TEST_STEP][PASSED] - delay(5): Delayed 5 second(s)

2023-11-27 14:54:35 - [MESSAGE][PASSED] - Delayed 5 second(s)]]></system-out>
         <system-err><![CDATA[]]></system-err>
      </testcase>
      <system-out><![CDATA[2023-11-27 14:53:02 - [TEST_SUITE][PASSED] - Visium Device 1: Test Cases/TC01_Register Success - Device 1]]></system-out>
      <system-err><![CDATA[]]></system-err>
   </testsuite>
</testsuites>
