<?xml version="1.0" encoding="UTF-8"?>
<testsuites name="TS_RegressionTest" time="31.071" tests="1" failures="0" errors="0">
   <testsuite name="TS_RegressionTest" tests="1" failures="0" errors="0" time="31.071" skipped="0" timestamp="2023-11-03 17:14:41" hostname="ddl02 - 192.168.215.167" id="Test Suites/TS_RegressionTest">
      <properties>
         <property name="deviceName" value="emulator-5554 (sdk_gphone_arm64 - Android 11)"/>
         <property name="devicePlatform" value=""/>
         <property name="logFolder" value="/Users/ddl02/Katalon Studio/Setup/Reports/20231103_171400/TS_RegressionTest/20231103_171403"/>
         <property name="logFiles" value="/Users/ddl02/Katalon Studio/Setup/Reports/20231103_171400/TS_RegressionTest/20231103_171403/execution0.log, /Users/ddl02/Katalon Studio/Setup/Reports/20231103_171400/TS_RegressionTest/20231103_171403/appium.log"/>
         <property name="attachments" value="/Users/ddl02/Desktop/Screenshot/a.png"/>
         <property name="hostName" value="ddl02 - 192.168.215.167"/>
         <property name="os" value="Mac OS X 64bit"/>
         <property name="appiumServerStatus" value="{&quot;value&quot;:{&quot;build&quot;:{&quot;version&quot;:&quot;1.22.3&quot;}},&quot;sessionId&quot;:null,&quot;status&quot;:0}"/>
         <property name="katalonVersion" value="8.6.8.208"/>
         <property name="deviceOS" value="Android"/>
         <property name="appiumVersion" value="1.22.3"/>
         <property name="deviceModel" value="sdk_gphone_arm64"/>
         <property name="hostAddress" value="192.168.215.167"/>
         <property name="deviceManufacturer" value="Google"/>
         <property name="deviceId" value="emulator-5554"/>
         <property name="deviceName" value="emulator-5554 (sdk_gphone_arm64 - Android 11)"/>
         <property name="deviceOSVersion" value="11"/>
      </properties>
      <testcase name="Test Cases/TC01_Register Success" time="30.559" classname="Test Cases/TC01_Register Success" status="PASSED">
         <system-out><![CDATA[2023-11-03 17:14:42 - [TEST_CASE][PASSED] - Test Cases/TC01_Register Success: Test Cases/TC01_Register Success

2023-11-03 17:14:43 - [TEST_STEP][PASSED] - comment("Register Success"): Register Success

2023-11-03 17:14:43 - [MESSAGE][INFO] - Register Success

2023-11-03 17:14:43 - [TEST_STEP][PASSED] - appPath = relativeToAbsolutePath(G_AndroidApp, getProjectDir()): null

2023-11-03 17:14:43 - [TEST_STEP][PASSED] - startApplication(appPath, false): Started app at: '/Users/ddl02/Katalon Studio/Setup/androidapp/Register_2.0_Apkpure.apk'

2023-11-03 17:14:43 - [MESSAGE][INFO] - Detected NodeJS location: "/usr/local/bin/node"

2023-11-03 17:14:45 - [MESSAGE][INFO] - Appium server started on port 52,876

2023-11-03 17:14:57 - [MESSAGE][PASSED] - Started app at: '/Users/ddl02/Katalon Studio/Setup/androidapp/Register_2.0_Apkpure.apk'

2023-11-03 17:14:57 - [TEST_STEP][PASSED] - tap(findTestObject("Object Repository/Demo/Add - Button"), 10): Tapped on element 'Object Repository/Demo/Add - Button'

2023-11-03 17:14:58 - [MESSAGE][PASSED] - Tapped on element 'Object Repository/Demo/Add - Button'

2023-11-03 17:14:58 - [TEST_STEP][PASSED] - setText(findTestObject("Object Repository/Demo/Name - Text Input"), "DDL AUTOMATION", 10): Text 'DDL AUTOMATION' has been set to element 'Object Repository/Demo/Name - Text Input'

2023-11-03 17:15:00 - [MESSAGE][PASSED] - Text 'DDL AUTOMATION' has been set to element 'Object Repository/Demo/Name - Text Input'

2023-11-03 17:15:00 - [TEST_STEP][PASSED] - setText(findTestObject("Object Repository/Demo/Phone - Text Input"), "0857623527283", 10): Text '0857623527283' has been set to element 'Object Repository/Demo/Phone - Text Input'

2023-11-03 17:15:01 - [MESSAGE][PASSED] - Text '0857623527283' has been set to element 'Object Repository/Demo/Phone - Text Input'

2023-11-03 17:15:01 - [TEST_STEP][PASSED] - setText(findTestObject("Object Repository/Demo/Alternate Phone - Text Input"), "0813623527283", 10): Text '0813623527283' has been set to element 'Object Repository/Demo/Alternate Phone - Text Input'

2023-11-03 17:15:02 - [MESSAGE][PASSED] - Text '0813623527283' has been set to element 'Object Repository/Demo/Alternate Phone - Text Input'

2023-11-03 17:15:02 - [TEST_STEP][PASSED] - setText(findTestObject("Object Repository/Demo/Email - Text Input"), "AUTOMATION@DDL.COM", 10): Text 'AUTOMATION@DDL.COM' has been set to element 'Object Repository/Demo/Email - Text Input'

2023-11-03 17:15:03 - [MESSAGE][PASSED] - Text 'AUTOMATION@DDL.COM' has been set to element 'Object Repository/Demo/Email - Text Input'

2023-11-03 17:15:03 - [TEST_STEP][PASSED] - setText(findTestObject("Object Repository/Demo/Alternate Email - Text Input"), "ROBOT@DDL.COM", 10): Text 'ROBOT@DDL.COM' has been set to element 'Object Repository/Demo/Alternate Email - Text Input'

2023-11-03 17:15:05 - [MESSAGE][PASSED] - Text 'ROBOT@DDL.COM' has been set to element 'Object Repository/Demo/Alternate Email - Text Input'

2023-11-03 17:15:05 - [TEST_STEP][PASSED] - setText(findTestObject("Object Repository/Demo/Allergies - Text Input"), "TEST AUTOMATION", 10): Text 'TEST AUTOMATION' has been set to element 'Object Repository/Demo/Allergies - Text Input'

2023-11-03 17:15:06 - [MESSAGE][PASSED] - Text 'TEST AUTOMATION' has been set to element 'Object Repository/Demo/Allergies - Text Input'

2023-11-03 17:15:06 - [TEST_STEP][PASSED] - setText(findTestObject("Object Repository/Demo/Notes - Text Input"), "AUTOMATION", 10): Text 'AUTOMATION' has been set to element 'Object Repository/Demo/Notes - Text Input'

2023-11-03 17:15:07 - [MESSAGE][PASSED] - Text 'AUTOMATION' has been set to element 'Object Repository/Demo/Notes - Text Input'

2023-11-03 17:15:07 - [TEST_STEP][PASSED] - tap(findTestObject("Object Repository/Demo/Save - Button"), 10): Tapped on element 'Object Repository/Demo/Save - Button'

2023-11-03 17:15:08 - [MESSAGE][PASSED] - Tapped on element 'Object Repository/Demo/Save - Button'

2023-11-03 17:15:08 - [TEST_STEP][PASSED] - takeScreenshot("/Users/ddl02/Desktop/Screenshot/a.png"): Screenshot is taken

2023-11-03 17:15:09 - [MESSAGE][PASSED] - Screenshot is taken
[[ATTACHMENT|/Users/ddl02/Desktop/Screenshot/a.png]]

2023-11-03 17:15:09 - [TEST_STEP][PASSED] - delay(3): Delayed 3 second(s)

2023-11-03 17:15:13 - [MESSAGE][PASSED] - Delayed 3 second(s)]]></system-out>
         <system-err><![CDATA[]]></system-err>
      </testcase>
      <system-out><![CDATA[2023-11-03 17:14:41 - [TEST_SUITE][PASSED] - TS_RegressionTest: Test Cases/TC01_Register Success]]></system-out>
      <system-err><![CDATA[]]></system-err>
   </testsuite>
</testsuites>
