<?xml version="1.0" encoding="UTF-8"?>
<testsuites name="TS_Failed And Success" time="37.579" tests="1" failures="0" errors="0">
   <testsuite name="TS_Failed And Success" tests="1" failures="0" errors="0" time="37.579" skipped="0" timestamp="2023-11-22 15:32:35" hostname="ddl02 - 192.168.104.167" id="Test Suites/TS_Failed And Success">
      <properties>
         <property name="deviceName" value="emulator-5554 (sdk_gphone64_arm64 - Android 12)"/>
         <property name="devicePlatform" value=""/>
         <property name="logFolder" value="/Users/ddl02/Katalon Studio/Setup/Reports/20231122_153143/TS_Failed And Success/20231122_153143"/>
         <property name="logFiles" value="/Users/ddl02/Katalon Studio/Setup/Reports/20231122_153143/TS_Failed And Success/20231122_153143/execution0.log, /Users/ddl02/Katalon Studio/Setup/Reports/20231122_153143/TS_Failed And Success/20231122_153143/appium_error.log, /Users/ddl02/Katalon Studio/Setup/Reports/20231122_153143/TS_Failed And Success/20231122_153143/appium.log"/>
         <property name="attachments" value="/Users/ddl02/Desktop/Screenshot/a.png"/>
         <property name="hostName" value="ddl02 - 192.168.104.167"/>
         <property name="os" value="Mac OS X 64bit"/>
         <property name="appiumServerStatus" value="{&quot;value&quot;:{&quot;build&quot;:{&quot;version&quot;:&quot;2.0.0&quot;}}}"/>
         <property name="katalonVersion" value="8.5.4.208"/>
         <property name="deviceOS" value="Android"/>
         <property name="appiumVersion" value="2.0.0"/>
         <property name="deviceModel" value="sdk_gphone64_arm64"/>
         <property name="hostAddress" value="127.0.0.1"/>
         <property name="deviceManufacturer" value="Google"/>
         <property name="deviceId" value="emulator-5554"/>
         <property name="deviceName" value="emulator-5554 (sdk_gphone64_arm64 - Android 12)"/>
         <property name="deviceOSVersion" value="12"/>
      </properties>
      <testcase name="Test Cases/TC01_Register Success" time="37.098" classname="Test Cases/TC01_Register Success" status="PASSED">
         <system-out><![CDATA[2023-11-22 15:32:35 - [TEST_CASE][PASSED] - Test Cases/TC01_Register Success: Test Cases/TC01_Register Success

2023-11-22 15:32:35 - [TEST_STEP][PASSED] - comment("Register Success"): Register Success

2023-11-22 15:32:35 - [MESSAGE][INFO] - Register Success

2023-11-22 15:32:35 - [TEST_STEP][PASSED] - appPath = relativeToAbsolutePath(G_AndroidApp, getProjectDir()): null

2023-11-22 15:32:36 - [TEST_STEP][PASSED] - startApplication(appPath, false): Started app at: '/Users/ddl02/Katalon Studio/Setup/androidapp/Register_2.0_Apkpure.apk'

2023-11-22 15:32:36 - [MESSAGE][INFO] - User set preference: ['deviceId', '']

2023-11-22 15:32:38 - [MESSAGE][INFO] - Detected NodeJS location: "/usr/local/bin/node"

2023-11-22 15:32:38 - [MESSAGE][INFO] - appium outlog: /Users/ddl02/Katalon Studio/Setup/Reports/20231122_153143/TS_Failed And Success/20231122_153143/appium.log

2023-11-22 15:32:38 - [MESSAGE][INFO] - appium errlog: /Users/ddl02/Katalon Studio/Setup/Reports/20231122_153143/TS_Failed And Success/20231122_153143/appium_error.log

2023-11-22 15:32:45 - [MESSAGE][INFO] - Appium server started on port 62,285

2023-11-22 15:32:56 - [MESSAGE][PASSED] - Started app at: '/Users/ddl02/Katalon Studio/Setup/androidapp/Register_2.0_Apkpure.apk'

2023-11-22 15:32:56 - [TEST_STEP][PASSED] - tap(findTestObject("Object Repository/Demo/Add - Button"), 10): Tapped on element 'Object Repository/Demo/Add - Button'

2023-11-22 15:32:57 - [MESSAGE][PASSED] - Tapped on element 'Object Repository/Demo/Add - Button'

2023-11-22 15:32:57 - [TEST_STEP][PASSED] - setText(findTestObject("Object Repository/Demo/Name - Text Input"), "DDL AUTOMATION", 10): Text 'DDL AUTOMATION' has been set to element 'Object Repository/Demo/Name - Text Input'

2023-11-22 15:32:59 - [MESSAGE][PASSED] - Text 'DDL AUTOMATION' has been set to element 'Object Repository/Demo/Name - Text Input'

2023-11-22 15:32:59 - [TEST_STEP][PASSED] - setText(findTestObject("Object Repository/Demo/Phone - Text Input"), "0857623527283", 10): Text '0857623527283' has been set to element 'Object Repository/Demo/Phone - Text Input'

2023-11-22 15:33:00 - [MESSAGE][PASSED] - Text '0857623527283' has been set to element 'Object Repository/Demo/Phone - Text Input'

2023-11-22 15:33:00 - [TEST_STEP][PASSED] - setText(findTestObject("Object Repository/Demo/Alternate Phone - Text Input"), "0813623527283", 10): Text '0813623527283' has been set to element 'Object Repository/Demo/Alternate Phone - Text Input'

2023-11-22 15:33:02 - [MESSAGE][PASSED] - Text '0813623527283' has been set to element 'Object Repository/Demo/Alternate Phone - Text Input'

2023-11-22 15:33:02 - [TEST_STEP][PASSED] - setText(findTestObject("Object Repository/Demo/Email - Text Input"), "AUTOMATION@DDL.COM", 10): Text 'AUTOMATION@DDL.COM' has been set to element 'Object Repository/Demo/Email - Text Input'

2023-11-22 15:33:03 - [MESSAGE][PASSED] - Text 'AUTOMATION@DDL.COM' has been set to element 'Object Repository/Demo/Email - Text Input'

2023-11-22 15:33:03 - [TEST_STEP][PASSED] - setText(findTestObject("Object Repository/Demo/Alternate Email - Text Input"), "ROBOT@DDL.COM", 10): Text 'ROBOT@DDL.COM' has been set to element 'Object Repository/Demo/Alternate Email - Text Input'

2023-11-22 15:33:05 - [MESSAGE][PASSED] - Text 'ROBOT@DDL.COM' has been set to element 'Object Repository/Demo/Alternate Email - Text Input'

2023-11-22 15:33:05 - [TEST_STEP][PASSED] - setText(findTestObject("Object Repository/Demo/Allergies - Text Input"), "TEST AUTOMATION", 10): Text 'TEST AUTOMATION' has been set to element 'Object Repository/Demo/Allergies - Text Input'

2023-11-22 15:33:07 - [MESSAGE][PASSED] - Text 'TEST AUTOMATION' has been set to element 'Object Repository/Demo/Allergies - Text Input'

2023-11-22 15:33:07 - [TEST_STEP][PASSED] - setText(findTestObject("Object Repository/Demo/Notes - Text Input"), "AUTOMATION", 10): Text 'AUTOMATION' has been set to element 'Object Repository/Demo/Notes - Text Input'

2023-11-22 15:33:08 - [MESSAGE][PASSED] - Text 'AUTOMATION' has been set to element 'Object Repository/Demo/Notes - Text Input'

2023-11-22 15:33:08 - [TEST_STEP][PASSED] - tap(findTestObject("Object Repository/Demo/Save - Button"), 10): Tapped on element 'Object Repository/Demo/Save - Button'

2023-11-22 15:33:08 - [MESSAGE][PASSED] - Tapped on element 'Object Repository/Demo/Save - Button'

2023-11-22 15:33:08 - [TEST_STEP][PASSED] - takeScreenshot("/Users/ddl02/Desktop/Screenshot/a.png"): Screenshot is taken

2023-11-22 15:33:09 - [MESSAGE][PASSED] - Screenshot is taken
[[ATTACHMENT|/Users/ddl02/Desktop/Screenshot/a.png]]

2023-11-22 15:33:09 - [TEST_STEP][PASSED] - delay(3): Delayed 3 second(s)

2023-11-22 15:33:12 - [MESSAGE][PASSED] - Delayed 3 second(s)]]></system-out>
         <system-err><![CDATA[]]></system-err>
      </testcase>
      <system-out><![CDATA[2023-11-22 15:32:35 - [TEST_SUITE][PASSED] - TS_Failed And Success: Test Cases/TC01_Register Success]]></system-out>
      <system-err><![CDATA[]]></system-err>
   </testsuite>
</testsuites>
